{"total": {"lines":{"total":2595,"covered":1995,"skipped":0,"pct":76.87},"statements":{"total":2791,"covered":2126,"skipped":0,"pct":76.17},"functions":{"total":494,"covered":377,"skipped":0,"pct":76.31},"branches":{"total":1708,"covered":1085,"skipped":0,"pct":63.52},"branchesTrue":{"total":0,"covered":0,"skipped":0,"pct":100}}
,"/home/runner/work/mock-pontes/mock-pontes/src/app.ts": {"lines":{"total":61,"covered":61,"skipped":0,"pct":100},"functions":{"total":4,"covered":4,"skipped":0,"pct":100},"statements":{"total":63,"covered":62,"skipped":0,"pct":98.41},"branches":{"total":6,"covered":4,"skipped":0,"pct":66.66}}
,"/home/runner/work/mock-pontes/mock-pontes/src/index.ts": {"lines":{"total":76,"covered":0,"skipped":0,"pct":0},"functions":{"total":9,"covered":0,"skipped":0,"pct":0},"statements":{"total":80,"covered":0,"skipped":0,"pct":0},"branches":{"total":42,"covered":0,"skipped":0,"pct":0}}
,"/home/runner/work/mock-pontes/mock-pontes/src/version.ts": {"lines":{"total":8,"covered":6,"skipped":0,"pct":75},"functions":{"total":2,"covered":1,"skipped":0,"pct":50},"statements":{"total":9,"covered":7,"skipped":0,"pct":77.77},"branches":{"total":11,"covered":6,"skipped":0,"pct":54.54}}
,"/home/runner/work/mock-pontes/mock-pontes/src/admin/business-window.ts": {"lines":{"total":22,"covered":10,"skipped":0,"pct":45.45},"functions":{"total":4,"covered":1,"skipped":0,"pct":25},"statements":{"total":23,"covered":10,"skipped":0,"pct":43.47},"branches":{"total":6,"covered":0,"skipped":0,"pct":0}}
,"/home/runner/work/mock-pontes/mock-pontes/src/admin/reset.ts": {"lines":{"total":9,"covered":6,"skipped":0,"pct":66.66},"functions":{"total":2,"covered":1,"skipped":0,"pct":50},"statements":{"total":10,"covered":6,"skipped":0,"pct":60},"branches":{"total":2,"covered":0,"skipped":0,"pct":0}}
,"/home/runner/work/mock-pontes/mock-pontes/src/auth/admin-token.ts": {"lines":{"total":21,"covered":21,"skipped":0,"pct":100},"functions":{"total":5,"covered":5,"skipped":0,"pct":100},"statements":{"total":26,"covered":26,"skipped":0,"pct":100},"branches":{"total":14,"covered":14,"skipped":0,"pct":100}}
,"/home/runner/work/mock-pontes/mock-pontes/src/auth/csr-handler.ts": {"lines":{"total":45,"covered":41,"skipped":0,"pct":91.11},"functions":{"total":6,"covered":6,"skipped":0,"pct":100},"statements":{"total":50,"covered":45,"skipped":0,"pct":90},"branches":{"total":21,"covered":16,"skipped":0,"pct":76.19}}
,"/home/runner/work/mock-pontes/mock-pontes/src/auth/enrollment-routes.ts": {"lines":{"total":148,"covered":62,"skipped":0,"pct":41.89},"functions":{"total":12,"covered":6,"skipped":0,"pct":50},"statements":{"total":152,"covered":63,"skipped":0,"pct":41.44},"branches":{"total":95,"covered":19,"skipped":0,"pct":20}}
,"/home/runner/work/mock-pontes/mock-pontes/src/auth/index.ts": {"lines":{"total":8,"covered":8,"skipped":0,"pct":100},"functions":{"total":8,"covered":4,"skipped":0,"pct":50},"statements":{"total":14,"covered":14,"skipped":0,"pct":100},"branches":{"total":0,"covered":0,"skipped":0,"pct":100}}
,"/home/runner/work/mock-pontes/mock-pontes/src/auth/jwt-middleware.ts": {"lines":{"total":40,"covered":38,"skipped":0,"pct":95},"functions":{"total":7,"covered":7,"skipped":0,"pct":100},"statements":{"total":45,"covered":42,"skipped":0,"pct":93.33},"branches":{"total":31,"covered":25,"skipped":0,"pct":80.64}}
,"/home/runner/work/mock-pontes/mock-pontes/src/auth/middleware.ts": {"lines":{"total":18,"covered":5,"skipped":0,"pct":27.77},"functions":{"total":2,"covered":2,"skipped":0,"pct":100},"statements":{"total":19,"covered":6,"skipped":0,"pct":31.57},"branches":{"total":14,"covered":1,"skipped":0,"pct":7.14}}
,"/home/runner/work/mock-pontes/mock-pontes/src/auth/ncb-middleware.ts": {"lines":{"total":19,"covered":19,"skipped":0,"pct":100},"functions":{"total":7,"covered":7,"skipped":0,"pct":100},"statements":{"total":23,"covered":23,"skipped":0,"pct":100},"branches":{"total":8,"covered":7,"skipped":0,"pct":87.5}}
,"/home/runner/work/mock-pontes/mock-pontes/src/auth/nro-middleware.ts": {"lines":{"total":132,"covered":121,"skipped":0,"pct":91.66},"functions":{"total":22,"covered":21,"skipped":0,"pct":95.45},"statements":{"total":148,"covered":130,"skipped":0,"pct":87.83},"branches":{"total":111,"covered":87,"skipped":0,"pct":78.37}}
,"/home/runner/work/mock-pontes/mock-pontes/src/auth/oidc.ts": {"lines":{"total":8,"covered":8,"skipped":0,"pct":100},"functions":{"total":2,"covered":2,"skipped":0,"pct":100},"statements":{"total":8,"covered":8,"skipped":0,"pct":100},"branches":{"total":0,"covered":0,"skipped":0,"pct":100}}
,"/home/runner/work/mock-pontes/mock-pontes/src/auth/profile-authorization-middleware.ts": {"lines":{"total":21,"covered":16,"skipped":0,"pct":76.19},"functions":{"total":5,"covered":4,"skipped":0,"pct":80},"statements":{"total":24,"covered":18,"skipped":0,"pct":75},"branches":{"total":14,"covered":10,"skipped":0,"pct":71.42}}
,"/home/runner/work/mock-pontes/mock-pontes/src/auth/profile-enforcement.ts": {"lines":{"total":22,"covered":22,"skipped":0,"pct":100},"functions":{"total":2,"covered":2,"skipped":0,"pct":100},"statements":{"total":22,"covered":22,"skipped":0,"pct":100},"branches":{"total":10,"covered":10,"skipped":0,"pct":100}}
,"/home/runner/work/mock-pontes/mock-pontes/src/auth/runtime-pki.ts": {"lines":{"total":118,"covered":71,"skipped":0,"pct":60.16},"functions":{"total":26,"covered":18,"skipped":0,"pct":69.23},"statements":{"total":126,"covered":75,"skipped":0,"pct":59.52},"branches":{"total":46,"covered":15,"skipped":0,"pct":32.6}}
,"/home/runner/work/mock-pontes/mock-pontes/src/auth/test-keys.ts": {"lines":{"total":29,"covered":29,"skipped":0,"pct":100},"functions":{"total":4,"covered":4,"skipped":0,"pct":100},"statements":{"total":29,"covered":29,"skipped":0,"pct":100},"branches":{"total":2,"covered":2,"skipped":0,"pct":100}}
,"/home/runner/work/mock-pontes/mock-pontes/src/auth/users-repository.ts": {"lines":{"total":87,"covered":52,"skipped":0,"pct":59.77},"functions":{"total":21,"covered":15,"skipped":0,"pct":71.42},"statements":{"total":89,"covered":53,"skipped":0,"pct":59.55},"branches":{"total":31,"covered":20,"skipped":0,"pct":64.51}}
,"/home/runner/work/mock-pontes/mock-pontes/src/cache/common.ts": {"lines":{"total":3,"covered":1,"skipped":0,"pct":33.33},"functions":{"total":1,"covered":0,"skipped":0,"pct":0},"statements":{"total":3,"covered":1,"skipped":0,"pct":33.33},"branches":{"total":0,"covered":0,"skipped":0,"pct":100}}
,"/home/runner/work/mock-pontes/mock-pontes/src/cache/in-memory.ts": {"lines":{"total":31,"covered":13,"skipped":0,"pct":41.93},"functions":{"total":10,"covered":4,"skipped":0,"pct":40},"statements":{"total":32,"covered":13,"skipped":0,"pct":40.62},"branches":{"total":10,"covered":5,"skipped":0,"pct":50}}
,"/home/runner/work/mock-pontes/mock-pontes/src/cache/index.ts": {"lines":{"total":3,"covered":3,"skipped":0,"pct":100},"functions":{"total":3,"covered":2,"skipped":0,"pct":66.66},"statements":{"total":6,"covered":6,"skipped":0,"pct":100},"branches":{"total":0,"covered":0,"skipped":0,"pct":100}}
,"/home/runner/work/mock-pontes/mock-pontes/src/cache/redis.ts": {"lines":{"total":55,"covered":41,"skipped":0,"pct":74.54},"functions":{"total":23,"covered":10,"skipped":0,"pct":43.47},"statements":{"total":61,"covered":42,"skipped":0,"pct":68.85},"branches":{"total":26,"covered":14,"skipped":0,"pct":53.84}}
,"/home/runner/work/mock-pontes/mock-pontes/src/http/business-window-guard.ts": {"lines":{"total":23,"covered":23,"skipped":0,"pct":100},"functions":{"total":5,"covered":4,"skipped":0,"pct":80},"statements":{"total":29,"covered":27,"skipped":0,"pct":93.1},"branches":{"total":18,"covered":15,"skipped":0,"pct":83.33}}
,"/home/runner/work/mock-pontes/mock-pontes/src/http/business-window-rules.ts": {"lines":{"total":28,"covered":28,"skipped":0,"pct":100},"functions":{"total":4,"covered":4,"skipped":0,"pct":100},"statements":{"total":33,"covered":33,"skipped":0,"pct":100},"branches":{"total":20,"covered":15,"skipped":0,"pct":75}}
,"/home/runner/work/mock-pontes/mock-pontes/src/http/error-response.ts": {"lines":{"total":41,"covered":39,"skipped":0,"pct":95.12},"functions":{"total":9,"covered":9,"skipped":0,"pct":100},"statements":{"total":46,"covered":42,"skipped":0,"pct":91.3},"branches":{"total":77,"covered":53,"skipped":0,"pct":68.83}}
,"/home/runner/work/mock-pontes/mock-pontes/src/http/not-implemented.ts": {"lines":{"total":37,"covered":37,"skipped":0,"pct":100},"functions":{"total":7,"covered":7,"skipped":0,"pct":100},"statements":{"total":46,"covered":45,"skipped":0,"pct":97.82},"branches":{"total":26,"covered":22,"skipped":0,"pct":84.61}}
,"/home/runner/work/mock-pontes/mock-pontes/src/http/request-validation.ts": {"lines":{"total":91,"covered":87,"skipped":0,"pct":95.6},"functions":{"total":14,"covered":14,"skipped":0,"pct":100},"statements":{"total":103,"covered":97,"skipped":0,"pct":94.17},"branches":{"total":72,"covered":63,"skipped":0,"pct":87.5}}
,"/home/runner/work/mock-pontes/mock-pontes/src/http/route-registry.ts": {"lines":{"total":22,"covered":21,"skipped":0,"pct":95.45},"functions":{"total":8,"covered":7,"skipped":0,"pct":87.5},"statements":{"total":23,"covered":22,"skipped":0,"pct":95.65},"branches":{"total":7,"covered":7,"skipped":0,"pct":100}}
,"/home/runner/work/mock-pontes/mock-pontes/src/logger/middleware.ts": {"lines":{"total":25,"covered":16,"skipped":0,"pct":64},"functions":{"total":4,"covered":3,"skipped":0,"pct":75},"statements":{"total":27,"covered":17,"skipped":0,"pct":62.96},"branches":{"total":22,"covered":6,"skipped":0,"pct":27.27}}
,"/home/runner/work/mock-pontes/mock-pontes/src/routes/bridge-payments.ts": {"lines":{"total":34,"covered":30,"skipped":0,"pct":88.23},"functions":{"total":4,"covered":3,"skipped":0,"pct":75},"statements":{"total":34,"covered":30,"skipped":0,"pct":88.23},"branches":{"total":12,"covered":7,"skipped":0,"pct":58.33}}
,"/home/runner/work/mock-pontes/mock-pontes/src/routes/business-window.ts": {"lines":{"total":16,"covered":10,"skipped":0,"pct":62.5},"functions":{"total":5,"covered":1,"skipped":0,"pct":20},"statements":{"total":16,"covered":10,"skipped":0,"pct":62.5},"branches":{"total":0,"covered":0,"skipped":0,"pct":100}}
,"/home/runner/work/mock-pontes/mock-pontes/src/routes/direct-rtgs.ts": {"lines":{"total":78,"covered":65,"skipped":0,"pct":83.33},"functions":{"total":13,"covered":12,"skipped":0,"pct":92.3},"statements":{"total":79,"covered":65,"skipped":0,"pct":82.27},"branches":{"total":94,"covered":53,"skipped":0,"pct":56.38}}
,"/home/runner/work/mock-pontes/mock-pontes/src/routes/funding.ts": {"lines":{"total":83,"covered":77,"skipped":0,"pct":92.77},"functions":{"total":14,"covered":14,"skipped":0,"pct":100},"statements":{"total":86,"covered":79,"skipped":0,"pct":91.86},"branches":{"total":128,"covered":77,"skipped":0,"pct":60.15}}
,"/home/runner/work/mock-pontes/mock-pontes/src/routes/grs-entities.ts": {"lines":{"total":14,"covered":8,"skipped":0,"pct":57.14},"functions":{"total":3,"covered":1,"skipped":0,"pct":33.33},"statements":{"total":14,"covered":8,"skipped":0,"pct":57.14},"branches":{"total":2,"covered":0,"skipped":0,"pct":0}}
,"/home/runner/work/mock-pontes/mock-pontes/src/routes/health.ts": {"lines":{"total":22,"covered":8,"skipped":0,"pct":36.36},"functions":{"total":5,"covered":2,"skipped":0,"pct":40},"statements":{"total":23,"covered":8,"skipped":0,"pct":34.78},"branches":{"total":12,"covered":0,"skipped":0,"pct":0}}
,"/home/runner/work/mock-pontes/mock-pontes/src/routes/pfod.ts": {"lines":{"total":87,"covered":65,"skipped":0,"pct":74.71},"functions":{"total":10,"covered":9,"skipped":0,"pct":90},"statements":{"total":91,"covered":67,"skipped":0,"pct":73.62},"branches":{"total":56,"covered":38,"skipped":0,"pct":67.85}}
,"/home/runner/work/mock-pontes/mock-pontes/src/routes/transfers.ts": {"lines":{"total":80,"covered":73,"skipped":0,"pct":91.25},"functions":{"total":13,"covered":13,"skipped":0,"pct":100},"statements":{"total":80,"covered":73,"skipped":0,"pct":91.25},"branches":{"total":70,"covered":54,"skipped":0,"pct":77.14}}
,"/home/runner/work/mock-pontes/mock-pontes/src/routes/wallets.ts": {"lines":{"total":90,"covered":76,"skipped":0,"pct":84.44},"functions":{"total":15,"covered":13,"skipped":0,"pct":86.66},"statements":{"total":95,"covered":79,"skipped":0,"pct":83.15},"branches":{"total":91,"covered":66,"skipped":0,"pct":72.52}}
,"/home/runner/work/mock-pontes/mock-pontes/src/routes/xvp.ts": {"lines":{"total":68,"covered":58,"skipped":0,"pct":85.29},"functions":{"total":7,"covered":7,"skipped":0,"pct":100},"statements":{"total":70,"covered":59,"skipped":0,"pct":84.28},"branches":{"total":67,"covered":42,"skipped":0,"pct":62.68}}
,"/home/runner/work/mock-pontes/mock-pontes/src/state/business-window.ts": {"lines":{"total":77,"covered":76,"skipped":0,"pct":98.7},"functions":{"total":11,"covered":11,"skipped":0,"pct":100},"statements":{"total":82,"covered":81,"skipped":0,"pct":98.78},"branches":{"total":40,"covered":33,"skipped":0,"pct":82.5}}
,"/home/runner/work/mock-pontes/mock-pontes/src/state/dcw.ts": {"lines":{"total":58,"covered":58,"skipped":0,"pct":100},"functions":{"total":15,"covered":15,"skipped":0,"pct":100},"statements":{"total":69,"covered":67,"skipped":0,"pct":97.1},"branches":{"total":65,"covered":57,"skipped":0,"pct":87.69}}
,"/home/runner/work/mock-pontes/mock-pontes/src/state/draft-id.ts": {"lines":{"total":7,"covered":7,"skipped":0,"pct":100},"functions":{"total":1,"covered":1,"skipped":0,"pct":100},"statements":{"total":7,"covered":7,"skipped":0,"pct":100},"branches":{"total":6,"covered":6,"skipped":0,"pct":100}}
,"/home/runner/work/mock-pontes/mock-pontes/src/state/grs-entities.ts": {"lines":{"total":6,"covered":6,"skipped":0,"pct":100},"functions":{"total":4,"covered":4,"skipped":0,"pct":100},"statements":{"total":8,"covered":8,"skipped":0,"pct":100},"branches":{"total":2,"covered":2,"skipped":0,"pct":100}}
,"/home/runner/work/mock-pontes/mock-pontes/src/state/issuance-wallet.ts": {"lines":{"total":2,"covered":2,"skipped":0,"pct":100},"functions":{"total":0,"covered":0,"skipped":0,"pct":100},"statements":{"total":2,"covered":2,"skipped":0,"pct":100},"branches":{"total":4,"covered":4,"skipped":0,"pct":100}}
,"/home/runner/work/mock-pontes/mock-pontes/src/state/memory-store.ts": {"lines":{"total":119,"covered":111,"skipped":0,"pct":93.27},"functions":{"total":41,"covered":38,"skipped":0,"pct":92.68},"statements":{"total":136,"covered":126,"skipped":0,"pct":92.64},"branches":{"total":57,"covered":49,"skipped":0,"pct":85.96}}
,"/home/runner/work/mock-pontes/mock-pontes/src/ui/inspect.ts": {"lines":{"total":44,"covered":4,"skipped":0,"pct":9.09},"functions":{"total":7,"covered":0,"skipped":0,"pct":0},"statements":{"total":48,"covered":4,"skipped":0,"pct":8.33},"branches":{"total":14,"covered":0,"skipped":0,"pct":0}}
,"/home/runner/work/mock-pontes/mock-pontes/src/ui/openapi.ts": {"lines":{"total":40,"covered":38,"skipped":0,"pct":95},"functions":{"total":3,"covered":2,"skipped":0,"pct":66.66},"statements":{"total":41,"covered":38,"skipped":0,"pct":92.68},"branches":{"total":34,"covered":24,"skipped":0,"pct":70.58}}
,"/home/runner/work/mock-pontes/mock-pontes/src/ui/p12.ts": {"lines":{"total":71,"covered":70,"skipped":0,"pct":98.59},"functions":{"total":17,"covered":17,"skipped":0,"pct":100},"statements":{"total":75,"covered":74,"skipped":0,"pct":98.66},"branches":{"total":8,"covered":6,"skipped":0,"pct":75}}
,"/home/runner/work/mock-pontes/mock-pontes/src/ui/router.ts": {"lines":{"total":130,"covered":50,"skipped":0,"pct":38.46},"functions":{"total":29,"covered":4,"skipped":0,"pct":13.79},"statements":{"total":138,"covered":54,"skipped":0,"pct":39.13},"branches":{"total":72,"covered":26,"skipped":0,"pct":36.11}}
,"/home/runner/work/mock-pontes/mock-pontes/src/workflows/direct-rtgs.ts": {"lines":{"total":7,"covered":7,"skipped":0,"pct":100},"functions":{"total":1,"covered":1,"skipped":0,"pct":100},"statements":{"total":7,"covered":7,"skipped":0,"pct":100},"branches":{"total":0,"covered":0,"skipped":0,"pct":100}}
,"/home/runner/work/mock-pontes/mock-pontes/src/workflows/funding.ts": {"lines":{"total":16,"covered":16,"skipped":0,"pct":100},"functions":{"total":3,"covered":3,"skipped":0,"pct":100},"statements":{"total":17,"covered":17,"skipped":0,"pct":100},"branches":{"total":6,"covered":5,"skipped":0,"pct":83.33}}
,"/home/runner/work/mock-pontes/mock-pontes/src/workflows/payment.ts": {"lines":{"total":6,"covered":6,"skipped":0,"pct":100},"functions":{"total":1,"covered":1,"skipped":0,"pct":100},"statements":{"total":6,"covered":6,"skipped":0,"pct":100},"branches":{"total":0,"covered":0,"skipped":0,"pct":100}}
,"/home/runner/work/mock-pontes/mock-pontes/src/workflows/pfod.ts": {"lines":{"total":7,"covered":7,"skipped":0,"pct":100},"functions":{"total":1,"covered":1,"skipped":0,"pct":100},"statements":{"total":7,"covered":7,"skipped":0,"pct":100},"branches":{"total":0,"covered":0,"skipped":0,"pct":100}}
,"/home/runner/work/mock-pontes/mock-pontes/src/workflows/transfer.ts": {"lines":{"total":21,"covered":21,"skipped":0,"pct":100},"functions":{"total":3,"covered":3,"skipped":0,"pct":100},"statements":{"total":22,"covered":22,"skipped":0,"pct":100},"branches":{"total":25,"covered":25,"skipped":0,"pct":100}}
,"/home/runner/work/mock-pontes/mock-pontes/src/workflows/workflow.ts": {"lines":{"total":109,"covered":93,"skipped":0,"pct":85.32},"functions":{"total":24,"covered":22,"skipped":0,"pct":91.66},"statements":{"total":114,"covered":96,"skipped":0,"pct":84.21},"branches":{"total":57,"covered":41,"skipped":0,"pct":71.92}}
,"/home/runner/work/mock-pontes/mock-pontes/src/workflows/xvp.ts": {"lines":{"total":52,"covered":48,"skipped":0,"pct":92.3},"functions":{"total":6,"covered":5,"skipped":0,"pct":83.33},"statements":{"total":55,"covered":48,"skipped":0,"pct":87.27},"branches":{"total":44,"covered":34,"skipped":0,"pct":77.27}}
}
