TN:
SF:src/app.ts
FN:75,buildApp
FN:79,(anonymous_1)
FN:83,(anonymous_2)
FN:90,(anonymous_3)
FNF:4
FNH:4
FNDA:12,buildApp
FNDA:135,(anonymous_1)
FNDA:2,(anonymous_2)
FNDA:133,(anonymous_3)
DA:10,7
DA:15,7
DA:21,7
DA:22,7
DA:23,7
DA:24,7
DA:26,7
DA:27,7
DA:28,7
DA:29,7
DA:30,7
DA:31,7
DA:32,7
DA:33,7
DA:34,7
DA:35,7
DA:36,7
DA:37,7
DA:38,7
DA:40,7
DA:44,7
DA:45,7
DA:46,7
DA:47,7
DA:55,7
DA:75,7
DA:76,12
DA:80,135
DA:81,135
DA:84,2
DA:85,2
DA:86,2
DA:87,2
DA:88,2
DA:91,133
DA:96,133
DA:101,12
DA:105,12
DA:108,12
DA:109,12
DA:112,12
DA:121,12
DA:122,12
DA:127,12
DA:131,12
DA:132,12
DA:138,12
DA:142,12
DA:145,12
DA:146,12
DA:147,12
DA:148,12
DA:149,12
DA:150,12
DA:151,12
DA:152,12
DA:153,12
DA:156,12
DA:157,12
DA:161,12
DA:163,12
LF:61
LH:61
BRDA:84,0,0,0
BRDA:84,0,1,2
BRDA:93,1,0,133
BRDA:93,1,1,0
BRDA:96,2,0,35
BRDA:96,2,1,98
BRF:6
BRH:4
end_of_record
TN:
SF:src/index.ts
FN:22,(anonymous_0)
FN:26,(anonymous_1)
FN:107,loadExternalContext
FN:133,(anonymous_3)
FN:135,(anonymous_4)
FN:161,(anonymous_5)
FN:178,(anonymous_6)
FN:180,(anonymous_7)
FN:189,(anonymous_8)
FNF:9
FNH:0
FNDA:0,(anonymous_0)
FNDA:0,(anonymous_1)
FNDA:0,loadExternalContext
FNDA:0,(anonymous_3)
FNDA:0,(anonymous_4)
FNDA:0,(anonymous_5)
FNDA:0,(anonymous_6)
FNDA:0,(anonymous_7)
FNDA:0,(anonymous_8)
DA:22,0
DA:23,0
DA:24,0
DA:26,0
DA:27,0
DA:28,0
DA:32,0
DA:39,0
DA:40,0
DA:41,0
DA:42,0
DA:43,0
DA:44,0
DA:45,0
DA:47,0
DA:50,0
DA:54,0
DA:55,0
DA:56,0
DA:58,0
DA:61,0
DA:63,0
DA:67,0
DA:70,0
DA:71,0
DA:75,0
DA:78,0
DA:86,0
DA:87,0
DA:88,0
DA:90,0
DA:93,0
DA:99,0
DA:100,0
DA:101,0
DA:105,0
DA:108,0
DA:109,0
DA:110,0
DA:111,0
DA:112,0
DA:113,0
DA:114,0
DA:115,0
DA:116,0
DA:117,0
DA:120,0
DA:122,0
DA:123,0
DA:126,0
DA:127,0
DA:130,0
DA:131,0
DA:132,0
DA:133,0
DA:134,0
DA:135,0
DA:136,0
DA:137,0
DA:138,0
DA:140,0
DA:145,0
DA:149,0
DA:163,0
DA:166,0
DA:173,0
DA:177,0
DA:178,0
DA:179,0
DA:180,0
DA:183,0
DA:185,0
DA:186,0
DA:188,0
DA:189,0
DA:190,0
LF:76
LH:0
BRDA:39,0,0,0
BRDA:39,0,1,0
BRDA:67,1,0,0
BRDA:67,1,1,0
BRDA:70,2,0,0
BRDA:70,2,1,0
BRDA:78,3,0,0
BRDA:78,3,1,0
BRDA:101,4,0,0
BRDA:101,4,1,0
BRDA:108,5,0,0
BRDA:108,5,1,0
BRDA:108,6,0,0
BRDA:108,6,1,0
BRDA:116,7,0,0
BRDA:116,7,1,0
BRDA:117,8,0,0
BRDA:117,8,1,0
BRDA:123,9,0,0
BRDA:123,9,1,0
BRDA:126,10,0,0
BRDA:126,10,1,0
BRDA:134,11,0,0
BRDA:134,11,1,0
BRDA:152,12,0,0
BRDA:152,12,1,0
BRDA:153,13,0,0
BRDA:153,13,1,0
BRDA:159,14,0,0
BRDA:159,14,1,0
BRDA:163,15,0,0
BRDA:163,15,1,0
BRDA:163,16,0,0
BRDA:163,16,1,0
BRDA:163,17,0,0
BRDA:163,17,1,0
BRDA:174,18,0,0
BRDA:174,18,1,0
BRDA:177,19,0,0
BRDA:177,19,1,0
BRDA:185,20,0,0
BRDA:185,20,1,0
BRF:42
BRH:0
end_of_record
TN:
SF:src/version.ts
FN:13,mockVersion
FN:20,mockCommit
FNF:2
FNH:1
FNDA:139,mockVersion
FNDA:0,mockCommit
DA:11,10
DA:13,10
DA:14,139
DA:15,139
DA:16,138
DA:20,10
DA:21,0
DA:22,0
LF:8
LH:6
BRDA:15,0,0,1
BRDA:15,0,1,138
BRDA:15,1,0,139
BRDA:15,1,1,2
BRDA:16,2,0,138
BRDA:16,2,1,2
BRDA:16,2,2,0
BRDA:22,3,0,0
BRDA:22,3,1,0
BRDA:22,4,0,0
BRDA:22,4,1,0
BRF:11
BRH:6
end_of_record
TN:
SF:src/admin/business-window.ts
FN:16,businessWindowView
FN:32,createAdminBusinessWindowRouter
FN:38,(anonymous_2)
FN:45,(anonymous_3)
FNF:4
FNH:1
FNDA:0,businessWindowView
FNDA:12,createAdminBusinessWindowRouter
FNDA:0,(anonymous_2)
FNDA:0,(anonymous_3)
DA:1,7
DA:8,7
DA:9,7
DA:17,0
DA:18,0
DA:19,0
DA:32,7
DA:33,12
DA:36,12
DA:38,0
DA:45,12
DA:46,0
DA:47,0
DA:48,0
DA:49,0
DA:50,0
DA:51,0
DA:53,0
DA:54,0
DA:56,12
DA:57,12
DA:59,12
LF:22
LH:10
BRDA:46,0,0,0
BRDA:46,0,1,0
BRDA:49,1,0,0
BRDA:49,1,1,0
BRDA:49,2,0,0
BRDA:49,2,1,0
BRF:6
BRH:0
end_of_record
TN:
SF:src/admin/reset.ts
FN:5,createAdminResetRouter
FN:11,(anonymous_1)
FNF:2
FNH:1
FNDA:12,createAdminResetRouter
FNDA:0,(anonymous_1)
DA:1,7
DA:3,7
DA:5,7
DA:6,12
DA:9,12
DA:12,0
DA:13,0
DA:14,0
DA:18,12
LF:9
LH:6
BRDA:12,0,0,0
BRDA:12,0,1,0
BRF:2
BRH:0
end_of_record
TN:
SF:src/auth/admin-token.ts
FN:20,adminTokenConfigured
FN:28,presentedToken
FN:37,hasValidAdminToken
FN:43,adminUnauthorizedBody
FN:62,enforceAdminToken
FNF:5
FNH:5
FNDA:15,adminTokenConfigured
FNDA:9,presentedToken
FNDA:10,hasValidAdminToken
FNDA:1,adminUnauthorizedBody
FNDA:7,enforceAdminToken
DA:18,12
DA:20,12
DA:21,15
DA:22,15
DA:26,12
DA:29,9
DA:30,9
DA:31,5
DA:32,5
DA:33,3
DA:37,12
DA:38,10
DA:39,10
DA:40,9
DA:43,12
DA:44,1
DA:62,12
DA:63,7
DA:64,4
DA:65,2
DA:66,2
LF:21
LH:21
BRDA:22,0,0,15
BRDA:22,0,1,6
BRDA:30,1,0,4
BRDA:30,1,1,5
BRDA:32,2,0,2
BRDA:32,2,1,3
BRDA:32,3,0,5
BRDA:32,3,1,2
BRDA:39,4,0,1
BRDA:39,4,1,9
BRDA:63,5,0,3
BRDA:63,5,1,4
BRDA:64,6,0,2
BRDA:64,6,1,2
BRF:14
BRH:14
end_of_record
TN:
SF:src/auth/csr-handler.ts
FN:56,rdn
FN:69,privilegeFromCsr
FN:70,(anonymous_12)
FN:89,buildAttrsExtension
FN:117,signCsr
FN:173,validateCsr
FNF:6
FNH:6
FNDA:2,rdn
FNDA:10,privilegeFromCsr
FNDA:2,(anonymous_12)
FNDA:10,buildAttrsExtension
FNDA:10,signCsr
FNDA:5,validateCsr
DA:22,11
DA:23,11
DA:35,11
DA:38,11
DA:39,11
DA:46,11
DA:57,2
DA:58,6
DA:59,6
DA:61,0
DA:70,10
DA:71,10
DA:72,2
DA:73,2
DA:74,2
DA:75,2
DA:76,2
DA:77,2
DA:79,0
DA:94,10
DA:95,10
DA:96,10
DA:102,10
DA:103,10
DA:104,10
DA:105,10
DA:117,11
DA:123,10
DA:124,10
DA:125,10
DA:128,10
DA:129,10
DA:134,10
DA:135,10
DA:136,10
DA:137,0
DA:139,10
DA:146,10
DA:154,10
DA:166,10
DA:173,11
DA:174,5
DA:175,5
DA:176,5
DA:178,0
LF:45
LH:41
BRDA:59,0,0,2
BRDA:59,0,1,4
BRDA:59,1,0,6
BRDA:59,1,1,2
BRDA:71,2,0,8
BRDA:71,2,1,2
BRDA:74,3,0,0
BRDA:74,3,1,2
BRDA:77,4,0,2
BRDA:77,4,1,0
BRDA:94,5,0,10
BRDA:94,5,1,1
BRDA:94,5,2,0
BRDA:95,6,0,10
BRDA:95,6,1,1
BRDA:95,6,2,0
BRDA:103,7,0,2
BRDA:103,7,1,8
BRDA:121,8,0,1
BRDA:136,9,0,0
BRDA:136,9,1,10
BRF:21
BRH:16
end_of_record
TN:
SF:src/auth/enrollment-routes.ts
FN:69,signTokens
FN:105,tokenResponse
FN:133,getCertFingerprint
FN:138,createEnrollmentAuthRouter
FN:143,(anonymous_5)
FN:279,(anonymous_6)
FN:410,(anonymous_7)
FN:427,(anonymous_8)
FN:437,(anonymous_9)
FN:463,(anonymous_10)
FN:471,(anonymous_11)
FN:481,realmIssuer
FNF:12
FNH:6
FNDA:6,signTokens
FNDA:1,tokenResponse
FNDA:5,getCertFingerprint
FNDA:12,createEnrollmentAuthRouter
FNDA:0,(anonymous_5)
FNDA:7,(anonymous_6)
FNDA:4,(anonymous_7)
FNDA:0,(anonymous_8)
FNDA:0,(anonymous_9)
FNDA:0,(anonymous_10)
FNDA:0,(anonymous_11)
FNDA:0,realmIssuer
DA:1,9
DA:10,9
DA:11,9
DA:12,9
DA:13,9
DA:15,9
DA:16,9
DA:17,9
DA:25,9
DA:27,9
DA:36,9
DA:43,9
DA:69,9
DA:73,6
DA:74,6
DA:90,6
DA:95,6
DA:100,6
DA:105,9
DA:106,1
DA:134,5
DA:135,5
DA:138,9
DA:139,12
DA:141,12
DA:144,0
DA:145,0
DA:146,0
DA:147,0
DA:149,0
DA:150,0
DA:151,0
DA:157,0
DA:158,0
DA:168,0
DA:169,0
DA:170,0
DA:171,0
DA:172,0
DA:174,0
DA:175,0
DA:176,0
DA:177,0
DA:178,0
DA:184,0
DA:185,0
DA:186,0
DA:187,0
DA:190,0
DA:191,0
DA:195,0
DA:196,0
DA:204,0
DA:205,0
DA:206,0
DA:208,0
DA:209,0
DA:210,0
DA:211,0
DA:212,0
DA:220,0
DA:221,0
DA:233,0
DA:238,0
DA:239,0
DA:240,0
DA:241,0
DA:246,0
DA:258,0
DA:260,0
DA:273,0
DA:277,12
DA:280,7
DA:281,7
DA:283,7
DA:284,0
DA:285,0
DA:291,7
DA:292,0
DA:293,0
DA:303,7
DA:304,1
DA:305,1
DA:311,6
DA:312,0
DA:313,0
DA:322,6
DA:323,1
DA:324,1
DA:330,5
DA:331,5
DA:333,0
DA:334,0
DA:338,5
DA:343,5
DA:354,0
DA:355,0
DA:356,0
DA:359,5
DA:360,5
DA:361,5
DA:362,5
DA:363,0
DA:366,5
DA:372,5
DA:378,5
DA:382,0
DA:383,0
DA:384,0
DA:390,0
DA:391,0
DA:392,0
DA:398,5
DA:408,12
DA:411,4
DA:412,3
DA:413,3
DA:414,3
DA:415,1
DA:416,1
DA:421,2
DA:425,12
DA:430,0
DA:431,0
DA:435,12
DA:438,0
DA:439,0
DA:440,0
DA:441,0
DA:443,0
DA:444,0
DA:445,0
DA:451,0
DA:461,12
DA:464,0
DA:469,12
DA:472,0
DA:473,0
DA:477,12
DA:482,0
DA:483,0
DA:484,0
DA:485,0
DA:487,0
DA:488,0
DA:489,0
DA:491,0
DA:494,0
LF:148
LH:62
BRDA:134,0,0,0
BRDA:134,0,1,5
BRDA:134,1,0,5
BRDA:134,1,1,5
BRDA:149,2,0,0
BRDA:149,2,1,0
BRDA:149,3,0,0
BRDA:149,3,1,0
BRDA:149,3,2,0
BRDA:158,4,0,0
BRDA:158,4,1,0
BRDA:168,5,0,0
BRDA:168,5,1,0
BRDA:169,6,0,0
BRDA:169,6,1,0
BRDA:170,7,0,0
BRDA:170,7,1,0
BRDA:171,8,0,0
BRDA:171,8,1,0
BRDA:175,9,0,0
BRDA:175,9,1,0
BRDA:176,10,0,0
BRDA:176,10,1,0
BRDA:177,11,0,0
BRDA:177,11,1,0
BRDA:178,12,0,0
BRDA:178,12,1,0
BRDA:184,13,0,0
BRDA:184,13,1,0
BRDA:185,14,0,0
BRDA:185,14,1,0
BRDA:199,15,0,0
BRDA:199,15,1,0
BRDA:204,16,0,0
BRDA:204,16,1,0
BRDA:208,17,0,0
BRDA:208,17,1,0
BRDA:210,18,0,0
BRDA:210,18,1,0
BRDA:210,19,0,0
BRDA:210,19,1,0
BRDA:220,20,0,0
BRDA:220,20,1,0
BRDA:223,21,0,0
BRDA:223,21,1,0
BRDA:223,21,2,0
BRDA:225,22,0,0
BRDA:225,22,1,0
BRDA:226,23,0,0
BRDA:226,23,1,0
BRDA:228,24,0,0
BRDA:228,24,1,0
BRDA:233,25,0,0
BRDA:233,25,1,0
BRDA:233,25,2,0
BRDA:239,26,0,0
BRDA:239,26,1,0
BRDA:283,27,0,0
BRDA:283,27,1,7
BRDA:291,28,0,0
BRDA:291,28,1,7
BRDA:303,29,0,1
BRDA:303,29,1,6
BRDA:311,30,0,0
BRDA:311,30,1,6
BRDA:311,31,0,6
BRDA:311,31,1,6
BRDA:322,32,0,1
BRDA:322,32,1,5
BRDA:350,33,0,0
BRDA:350,33,1,5
BRDA:362,34,0,0
BRDA:362,34,1,5
BRDA:382,35,0,0
BRDA:382,35,1,0
BRDA:382,36,0,0
BRDA:382,36,1,0
BRDA:411,37,0,1
BRDA:411,37,1,3
BRDA:412,38,0,3
BRDA:412,38,1,0
BRDA:414,39,0,1
BRDA:414,39,1,2
BRDA:430,40,0,0
BRDA:430,40,1,0
BRDA:438,41,0,0
BRDA:438,41,1,0
BRDA:439,42,0,0
BRDA:439,42,1,0
BRDA:443,43,0,0
BRDA:443,43,1,0
BRDA:443,44,0,0
BRDA:443,44,1,0
BRDA:484,45,0,0
BRDA:484,45,1,0
BRF:95
BRH:19
end_of_record
TN:
SF:src/auth/index.ts
FN:1,(anonymous_0)
FN:2,(anonymous_1)
FN:3,(anonymous_2)
FN:4,(anonymous_3)
FN:5,(anonymous_4)
FN:5,(anonymous_5)
FN:7,(anonymous_6)
FN:8,(anonymous_7)
FNF:8
FNH:4
FNDA:12,(anonymous_0)
FNDA:12,(anonymous_1)
FNDA:12,(anonymous_2)
FNDA:12,(anonymous_3)
FNDA:0,(anonymous_4)
FNDA:0,(anonymous_5)
FNDA:0,(anonymous_6)
FNDA:0,(anonymous_7)
DA:1,19
DA:2,19
DA:3,19
DA:4,19
DA:5,7
DA:6,7
DA:7,7
DA:8,7
LF:8
LH:8
BRF:0
BRH:0
end_of_record
TN:
SF:src/auth/jwt-middleware.ts
FN:38,resolveAudienceAllowlist
FN:43,(anonymous_2)
FN:48,shouldApplyAuth
FN:50,(anonymous_4)
FN:58,createJwtMiddleware
FN:62,(anonymous_6)
FN:101,(anonymous_7)
FNF:7
FNH:7
FNDA:116,resolveAudienceAllowlist
FNDA:5,(anonymous_2)
FNDA:129,shouldApplyAuth
FNDA:129,(anonymous_4)
FNDA:18,createJwtMiddleware
FNDA:129,(anonymous_6)
FNDA:115,(anonymous_7)
DA:9,11
DA:15,11
DA:16,11
DA:35,11
DA:38,11
DA:39,116
DA:40,116
DA:41,3
DA:43,5
DA:45,3
DA:49,129
DA:50,129
DA:58,11
DA:62,18
DA:63,129
DA:65,129
DA:67,117
DA:68,117
DA:69,2
DA:70,2
DA:76,115
DA:78,115
DA:79,115
DA:85,115
DA:86,1
DA:87,1
DA:98,114
DA:99,114
DA:100,114
DA:101,115
DA:102,3
DA:103,3
DA:107,111
DA:120,111
DA:121,111
DA:122,111
DA:123,1
DA:124,1
DA:136,0
DA:137,0
LF:40
LH:38
BRDA:40,0,0,113
BRDA:40,0,1,3
BRDA:45,1,0,3
BRDA:45,1,1,0
BRDA:49,2,0,0
BRDA:49,2,1,129
BRDA:63,3,0,129
BRDA:63,3,1,0
BRDA:65,4,0,12
BRDA:65,4,1,117
BRDA:68,5,0,2
BRDA:68,5,1,115
BRDA:68,6,0,117
BRDA:68,6,1,115
BRDA:85,7,0,1
BRDA:85,7,1,114
BRDA:99,8,0,4
BRDA:99,8,1,110
BRDA:99,9,0,109
BRDA:99,9,1,1
BRDA:101,10,0,3
BRDA:101,10,1,111
BRDA:108,11,0,111
BRDA:108,11,1,0
BRDA:122,12,0,1
BRDA:122,12,1,110
BRDA:122,13,0,111
BRDA:122,13,1,111
BRDA:122,13,2,111
BRDA:140,14,0,0
BRDA:140,14,1,0
BRF:31
BRH:25
end_of_record
TN:
SF:src/auth/middleware.ts
FN:4,createMtlsConsistencyMiddleware
FN:7,(anonymous_1)
FNF:2
FNH:2
FNDA:12,createMtlsConsistencyMiddleware
FNDA:119,(anonymous_1)
DA:1,7
DA:4,7
DA:7,12
DA:8,119
DA:9,119
DA:11,0
DA:12,0
DA:14,0
DA:15,0
DA:16,0
DA:22,0
DA:23,0
DA:25,0
DA:26,0
DA:27,0
DA:33,0
DA:34,0
DA:35,0
LF:18
LH:5
BRDA:9,0,0,119
BRDA:9,0,1,0
BRDA:14,1,0,0
BRDA:14,1,1,0
BRDA:14,2,0,0
BRDA:14,2,1,0
BRDA:25,3,0,0
BRDA:25,3,1,0
BRDA:25,4,0,0
BRDA:25,4,1,0
BRDA:33,5,0,0
BRDA:33,5,1,0
BRDA:33,6,0,0
BRDA:33,6,1,0
BRF:14
BRH:1
end_of_record
TN:
SF:src/auth/ncb-middleware.ts
FN:41,(anonymous_0)
FN:44,isValidNcb
FN:49,isNcbInList
FN:51,(anonymous_3)
FN:55,extractNcb
FN:68,createNcbValidationMiddleware
FN:69,(anonymous_6)
FNF:7
FNH:7
FNDA:368,(anonymous_0)
FNDA:6,isValidNcb
FNDA:127,isNcbInList
FNDA:1304,(anonymous_3)
FNDA:145,extractNcb
FNDA:13,createNcbValidationMiddleware
FNDA:140,(anonymous_6)
DA:11,16
DA:15,16
DA:41,368
DA:44,16
DA:45,6
DA:49,16
DA:50,127
DA:51,1304
DA:55,16
DA:56,145
DA:57,145
DA:68,16
DA:69,13
DA:70,140
DA:71,140
DA:72,127
DA:73,127
DA:74,3
DA:75,3
LF:19
LH:19
BRDA:57,0,0,129
BRDA:57,0,1,16
BRDA:70,1,0,140
BRDA:70,1,1,0
BRDA:71,2,0,13
BRDA:71,2,1,127
BRDA:73,3,0,124
BRDA:73,3,1,3
BRF:8
BRH:7
end_of_record
TN:
SF:src/auth/nro-middleware.ts
FN:40,amountFor2dpSigning
FN:54,resolveRef
FN:68,(anonymous_3)
FN:76,schemaHasNroFields
FN:83,(anonymous_5)
FN:90,operationRequiresNro
FN:102,pathTemplateToRegex
FN:105,(anonymous_8)
FN:119,deriveNroRouteMatchers
FN:135,requiresNRO
FN:140,(anonymous_11)
FN:172,buildSigningData
FN:195,(anonymous_13)
FN:203,(anonymous_14)
FN:232,verifySignature
FN:260,decodeCertPem
FN:273,createNroMiddleware
FN:274,(anonymous_18)
FN:340,decodeForwardedCertHeader
FN:364,resolveClientCert
FN:394,createNroCertCheckMiddleware
FN:395,(anonymous_22)
FNF:22
FNH:21
FNDA:75,amountFor2dpSigning
FNDA:560,resolveRef
FNDA:840,(anonymous_3)
FNDA:280,schemaHasNroFields
FNDA:0,(anonymous_5)
FNDA:1136,operationRequiresNro
FNDA:64,pathTemplateToRegex
FNDA:520,(anonymous_8)
FNDA:8,deriveNroRouteMatchers
FNDA:227,requiresNRO
FNDA:1551,(anonymous_11)
FNDA:86,buildSigningData
FNDA:32,(anonymous_13)
FNDA:4,(anonymous_14)
FNDA:48,verifySignature
FNDA:83,decodeCertPem
FNDA:12,createNroMiddleware
FNDA:113,(anonymous_18)
FNDA:39,decodeForwardedCertHeader
FNDA:40,resolveClientCert
FNDA:12,createNroCertCheckMiddleware
FNDA:114,(anonymous_22)
DA:19,9
DA:26,9
DA:27,9
DA:37,9
DA:41,75
DA:42,75
DA:55,560
DA:56,560
DA:61,280
DA:62,280
DA:63,280
DA:64,280
DA:68,840
DA:72,560
DA:77,280
DA:78,280
DA:79,280
DA:80,280
DA:81,216
DA:82,648
DA:83,648
DA:84,0
DA:86,216
DA:91,1136
DA:92,1136
DA:93,280
DA:94,280
DA:95,280
DA:96,280
DA:98,280
DA:103,64
DA:106,520
DA:109,64
DA:119,9
DA:120,8
DA:121,8
DA:122,8
DA:123,568
DA:124,1136
DA:125,64
DA:132,8
DA:140,1551
DA:172,9
DA:173,86
DA:174,77
DA:175,77
DA:181,2
DA:183,75
DA:184,75
DA:186,74
DA:189,74
DA:193,9
DA:194,8
DA:195,32
DA:196,8
DA:200,1
DA:201,1
DA:202,1
DA:203,4
DA:204,1
DA:207,0
DA:232,9
DA:237,48
DA:238,48
DA:239,48
DA:240,48
DA:241,48
DA:243,1
DA:260,9
DA:262,83
DA:263,79
DA:270,4
DA:273,9
DA:274,12
DA:275,113
DA:276,113
DA:278,113
DA:281,40
DA:283,40
DA:284,1
DA:285,1
DA:296,39
DA:297,39
DA:298,0
DA:299,0
DA:310,39
DA:311,39
DA:313,39
DA:314,1
DA:315,1
DA:326,38
DA:327,38
DA:341,39
DA:342,39
DA:343,39
DA:344,39
DA:345,39
DA:346,39
DA:351,39
DA:365,40
DA:366,40
DA:367,0
DA:368,0
DA:370,0
DA:374,40
DA:375,39
DA:377,39
DA:379,39
DA:380,39
DA:381,39
DA:382,39
DA:383,39
DA:385,0
DA:391,1
DA:394,9
DA:395,12
DA:396,114
DA:397,114
DA:399,114
DA:402,41
DA:410,41
DA:412,40
DA:418,40
DA:419,1
DA:420,1
DA:431,39
DA:434,39
DA:435,39
DA:438,0
DA:443,39
DA:444,0
DA:445,0
LF:132
LH:121
BRDA:37,0,0,9
BRDA:37,0,1,9
BRDA:41,1,0,0
BRDA:41,1,1,75
BRDA:42,2,0,74
BRDA:42,2,1,1
BRDA:57,3,0,840
BRDA:57,3,1,840
BRDA:57,3,2,840
BRDA:62,4,0,0
BRDA:62,4,1,280
BRDA:68,5,0,0
BRDA:68,5,1,840
BRDA:78,6,0,0
BRDA:78,6,1,280
BRDA:78,7,0,280
BRDA:78,7,1,280
BRDA:80,8,0,64
BRDA:80,8,1,216
BRDA:80,9,0,280
BRDA:80,9,1,280
BRDA:80,9,2,216
BRDA:83,10,0,0
BRDA:83,10,1,648
BRDA:83,11,0,648
BRDA:83,11,1,0
BRDA:92,12,0,856
BRDA:92,12,1,280
BRDA:95,13,0,0
BRDA:95,13,1,280
BRDA:96,14,0,280
BRDA:96,14,1,0
BRDA:106,15,0,120
BRDA:106,15,1,400
BRDA:121,16,0,8
BRDA:121,16,1,0
BRDA:124,17,0,64
BRDA:124,17,1,1072
BRDA:140,18,0,1551
BRDA:140,18,1,655
BRDA:173,19,0,77
BRDA:173,19,1,9
BRDA:175,20,0,2
BRDA:175,20,1,75
BRDA:176,21,0,77
BRDA:176,21,1,77
BRDA:176,21,2,77
BRDA:176,21,3,76
BRDA:184,22,0,1
BRDA:184,22,1,74
BRDA:186,23,0,14
BRDA:186,23,1,60
BRDA:193,24,0,8
BRDA:193,24,1,1
BRDA:195,25,0,0
BRDA:195,25,1,8
BRDA:200,26,0,1
BRDA:200,26,1,0
BRDA:203,27,0,0
BRDA:203,27,1,1
BRDA:262,28,0,79
BRDA:262,28,1,4
BRDA:275,29,0,113
BRDA:275,29,1,0
BRDA:278,30,0,73
BRDA:278,30,1,40
BRDA:283,31,0,1
BRDA:283,31,1,39
BRDA:283,32,0,40
BRDA:283,32,1,39
BRDA:283,32,2,39
BRDA:297,33,0,0
BRDA:297,33,1,39
BRDA:313,34,0,1
BRDA:313,34,1,38
BRDA:343,35,0,0
BRDA:343,35,1,39
BRDA:344,36,0,39
BRDA:344,36,1,0
BRDA:351,37,0,39
BRDA:351,37,1,0
BRDA:366,38,0,0
BRDA:366,38,1,40
BRDA:366,39,0,40
BRDA:366,39,1,0
BRDA:374,40,0,39
BRDA:374,40,1,1
BRDA:377,41,0,39
BRDA:377,41,1,0
BRDA:379,42,0,39
BRDA:379,42,1,0
BRDA:381,43,0,39
BRDA:381,43,1,0
BRDA:396,44,0,114
BRDA:396,44,1,0
BRDA:399,45,0,73
BRDA:399,45,1,41
BRDA:402,46,0,41
BRDA:402,46,1,19
BRDA:403,47,0,19
BRDA:403,47,1,0
BRDA:403,48,0,19
BRDA:403,48,1,19
BRDA:410,49,0,1
BRDA:410,49,1,40
BRDA:410,50,0,41
BRDA:410,50,1,40
BRDA:418,51,0,1
BRDA:418,51,1,39
BRDA:443,52,0,0
BRDA:443,52,1,39
BRF:111
BRH:86
end_of_record
TN:
SF:src/auth/oidc.ts
FN:19,buildJwks
FN:37,buildOpenIdConfiguration
FNF:2
FNH:2
FNDA:3,buildJwks
FNDA:3,buildOpenIdConfiguration
DA:9,13
DA:12,13
DA:19,13
DA:20,3
DA:21,3
DA:37,13
DA:38,3
DA:39,3
LF:8
LH:8
BRF:0
BRH:0
end_of_record
TN:
SF:src/auth/profile-authorization-middleware.ts
FN:39,matchesAny
FN:40,(anonymous_1)
FN:43,createAuthorizationError
FN:58,createProfileAuthorizationMiddleware
FN:59,(anonymous_4)
FNF:5
FNH:4
FNDA:198,matchesAny
FNDA:1018,(anonymous_1)
FNDA:0,createAuthorizationError
FNDA:12,createProfileAuthorizationMiddleware
FNDA:111,(anonymous_4)
DA:11,7
DA:12,7
DA:18,7
DA:28,7
DA:40,1018
DA:44,0
DA:58,7
DA:59,12
DA:60,111
DA:62,111
DA:64,99
DA:65,99
DA:67,99
DA:70,99
DA:71,8
DA:72,0
DA:73,0
DA:78,99
DA:79,60
DA:80,0
DA:81,0
LF:21
LH:16
BRDA:60,0,0,111
BRDA:60,0,1,0
BRDA:62,1,0,12
BRDA:62,1,1,99
BRDA:65,2,0,0
BRDA:65,2,1,99
BRDA:70,3,0,8
BRDA:70,3,1,91
BRDA:71,4,0,0
BRDA:71,4,1,8
BRDA:78,5,0,60
BRDA:78,5,1,39
BRDA:79,6,0,0
BRDA:79,6,1,60
BRF:14
BRH:10
end_of_record
TN:
SF:src/auth/profile-enforcement.ts
FN:52,isKnownProfile
FN:65,validateClientIdForProfile
FNF:2
FNH:2
FNDA:14,isKnownProfile
FNDA:11,validateClientIdForProfile
DA:23,14
DA:24,14
DA:32,14
DA:35,14
DA:38,14
DA:46,14
DA:52,14
DA:53,14
DA:65,14
DA:70,11
DA:71,4
DA:72,1
DA:77,3
DA:78,2
DA:83,1
DA:86,7
DA:87,6
DA:88,2
DA:93,4
DA:97,1
DA:101,14
DA:104,14
LF:22
LH:22
BRDA:70,0,0,4
BRDA:70,0,1,7
BRDA:71,1,0,1
BRDA:71,1,1,3
BRDA:77,2,0,2
BRDA:77,2,1,1
BRDA:86,3,0,6
BRDA:86,3,1,1
BRDA:87,4,0,2
BRDA:87,4,1,4
BRF:10
BRH:10
end_of_record
TN:
SF:src/auth/runtime-pki.ts
FN:38,delay
FN:39,(anonymous_11)
FN:42,withRetries
FN:57,assertPem
FN:58,(anonymous_14)
FN:63,validateBundle
FN:102,exportKeyToPem
FN:107,exportPublicKeyToPem
FN:113,generateSigningKeyPair
FN:121,generateCa
FN:148,importCaKey
FN:159,parseSanEntries
FN:163,(anonymous_22)
FN:165,(anonymous_23)
FN:178,resolveTlsSubject
FN:180,(anonymous_25)
FN:186,getTlsCertConfig
FN:190,(anonymous_27)
FN:194,generateServerCertificate
FN:225,generateRuntimePkiBundle
FN:244,getCache
FN:262,getRuntimePkiBundle
FN:271,(anonymous_32)
FN:290,(anonymous_33)
FN:306,(anonymous_34)
FN:318,closeRuntimePkiPersistence
FNF:26
FNH:18
FNDA:0,delay
FNDA:0,(anonymous_11)
FNDA:26,withRetries
FNDA:0,assertPem
FNDA:0,(anonymous_14)
FNDA:13,validateBundle
FNDA:52,exportKeyToPem
FNDA:13,exportPublicKeyToPem
FNDA:13,generateSigningKeyPair
FNDA:26,generateCa
FNDA:13,importCaKey
FNDA:13,parseSanEntries
FNDA:13,(anonymous_22)
FNDA:13,(anonymous_23)
FNDA:13,resolveTlsSubject
FNDA:13,(anonymous_25)
FNDA:0,getTlsCertConfig
FNDA:0,(anonymous_27)
FNDA:13,generateServerCertificate
FNDA:13,generateRuntimePkiBundle
FNDA:13,getCache
FNDA:49,getRuntimePkiBundle
FNDA:13,(anonymous_32)
FNDA:0,(anonymous_33)
FNDA:13,(anonymous_34)
FNDA:0,closeRuntimePkiPersistence
DA:1,13
DA:2,13
DA:3,13
DA:24,13
DA:25,13
DA:27,13
DA:28,13
DA:29,13
DA:31,13
DA:35,13
DA:36,13
DA:39,0
DA:44,26
DA:45,26
DA:46,26
DA:48,0
DA:49,0
DA:50,0
DA:54,0
DA:58,0
DA:59,0
DA:64,13
DA:65,13
DA:68,0
DA:69,0
DA:79,0
DA:80,0
DA:81,0
DA:85,0
DA:86,0
DA:91,0
DA:92,0
DA:97,0
DA:99,0
DA:103,52
DA:104,52
DA:108,13
DA:109,13
DA:114,13
DA:115,13
DA:122,26
DA:124,26
DA:142,26
DA:150,13
DA:151,13
DA:160,13
DA:161,13
DA:163,13
DA:166,13
DA:167,13
DA:168,0
DA:170,13
DA:171,13
DA:172,13
DA:173,0
DA:174,0
DA:179,13
DA:180,13
DA:186,13
DA:187,0
DA:188,0
DA:190,0
DA:198,13
DA:199,13
DA:200,13
DA:202,13
DA:203,13
DA:205,13
DA:219,13
DA:226,13
DA:227,13
DA:228,13
DA:229,13
DA:231,13
DA:245,13
DA:246,0
DA:249,13
DA:250,13
DA:251,0
DA:252,0
DA:253,0
DA:254,0
DA:257,13
DA:258,13
DA:259,13
DA:262,13
DA:263,49
DA:264,36
DA:267,13
DA:269,13
DA:270,13
DA:271,13
DA:273,0
DA:274,0
DA:278,13
DA:282,0
DA:283,0
DA:284,0
DA:289,0
DA:290,0
DA:291,0
DA:293,0
DA:294,0
DA:298,0
DA:299,0
DA:300,0
DA:303,13
DA:305,13
DA:306,13
DA:308,0
DA:309,0
DA:313,13
DA:314,13
DA:315,13
DA:318,13
DA:319,0
DA:320,0
DA:321,0
LF:118
LH:71
BRDA:42,0,0,26
BRDA:49,1,0,0
BRDA:49,1,1,0
BRDA:58,2,0,0
BRDA:58,2,1,0
BRDA:64,3,0,13
BRDA:64,3,1,0
BRDA:64,4,0,13
BRDA:64,4,1,0
BRDA:80,5,0,0
BRDA:80,5,1,0
BRDA:80,6,0,0
BRDA:80,6,1,0
BRDA:80,6,2,0
BRDA:160,7,0,13
BRDA:160,7,1,13
BRDA:167,8,0,0
BRDA:167,8,1,13
BRDA:172,9,0,13
BRDA:172,9,1,0
BRDA:173,10,0,0
BRDA:173,10,1,0
BRDA:179,11,0,13
BRDA:179,11,1,13
BRDA:180,12,0,13
BRDA:180,12,1,0
BRDA:245,13,0,0
BRDA:245,13,1,13
BRDA:250,14,0,0
BRDA:250,14,1,13
BRDA:263,15,0,36
BRDA:263,15,1,13
BRDA:273,16,0,0
BRDA:273,16,1,0
BRDA:278,17,0,0
BRDA:278,17,1,13
BRDA:282,18,0,0
BRDA:282,18,1,0
BRDA:282,19,0,0
BRDA:282,19,1,0
BRDA:293,20,0,0
BRDA:293,20,1,0
BRDA:308,21,0,0
BRDA:308,21,1,0
BRDA:319,22,0,0
BRDA:319,22,1,0
BRF:46
BRH:15
end_of_record
TN:
SF:src/auth/test-keys.ts
FN:35,generateTestKeys
FN:69,signData
FN:103,getTestKeys
FN:106,(anonymous_13)
FNF:4
FNH:4
FNDA:2,generateTestKeys
FNDA:1,signData
FNDA:8,getTestKeys
FNDA:2,(anonymous_13)
DA:9,9
DA:10,9
DA:11,9
DA:26,9
DA:29,9
DA:30,9
DA:36,2
DA:38,2
DA:47,2
DA:48,2
DA:50,2
DA:51,2
DA:52,2
DA:56,2
DA:58,2
DA:69,9
DA:70,1
DA:71,1
DA:72,1
DA:73,1
DA:79,9
DA:101,9
DA:103,9
DA:104,8
DA:105,2
DA:106,2
DA:107,2
DA:108,2
DA:111,8
LF:29
LH:29
BRDA:104,0,0,2
BRDA:104,0,1,6
BRF:2
BRH:2
end_of_record
TN:
SF:src/auth/users-repository.ts
FN:50,normalizeKey
FN:54,createInMemoryAuthUsersRepository
FN:58,createDeclaredUser
FN:78,getUserByUsername
FN:82,deleteUser
FN:93,updateUserMetadata
FN:117,setUserCertificate
FN:146,getUsernameByFingerprint
FN:150,getFingerprintByUsername
FN:154,getCertificateByUsername
FN:158,listEnrolledUsers
FN:167,(anonymous_11)
FN:168,(anonymous_12)
FN:169,(anonymous_13)
FN:179,getAllUsers
FN:209,createPersistedAuthUsersRepository
FN:241,persistState
FN:258,(anonymous_17)
FN:264,(anonymous_18)
FN:269,(anonymous_19)
FN:275,(anonymous_20)
FNF:21
FNH:15
FNDA:57,normalizeKey
FNDA:22,createInMemoryAuthUsersRepository
FNDA:18,createDeclaredUser
FNDA:18,getUserByUsername
FNDA:5,deleteUser
FNDA:2,updateUserMetadata
FNDA:14,setUserCertificate
FNDA:4,getUsernameByFingerprint
FNDA:2,getFingerprintByUsername
FNDA:1,getCertificateByUsername
FNDA:1,listEnrolledUsers
FNDA:3,(anonymous_11)
FNDA:1,(anonymous_12)
FNDA:2,(anonymous_13)
FNDA:1,getAllUsers
FNDA:0,createPersistedAuthUsersRepository
FNDA:0,persistState
FNDA:0,(anonymous_17)
FNDA:0,(anonymous_18)
FNDA:0,(anonymous_19)
FNDA:0,(anonymous_20)
DA:1,8
DA:3,8
DA:51,57
DA:54,8
DA:55,22
DA:56,22
DA:59,18
DA:60,18
DA:61,1
DA:64,17
DA:65,17
DA:74,17
DA:75,17
DA:79,18
DA:83,5
DA:84,5
DA:85,5
DA:86,3
DA:87,3
DA:89,3
DA:90,3
DA:97,2
DA:98,2
DA:99,2
DA:100,1
DA:103,1
DA:104,1
DA:106,1
DA:113,1
DA:114,1
DA:122,14
DA:123,14
DA:124,14
DA:125,1
DA:128,13
DA:129,13
DA:130,1
DA:133,12
DA:134,1
DA:137,12
DA:138,12
DA:147,4
DA:151,2
DA:155,1
DA:166,1
DA:167,3
DA:168,1
DA:169,2
DA:180,1
DA:183,22
DA:199,8
DA:209,8
DA:213,0
DA:217,0
DA:218,0
DA:220,0
DA:223,0
DA:224,0
DA:225,0
DA:226,0
DA:231,0
DA:232,0
DA:238,0
DA:242,0
DA:243,0
DA:244,0
DA:248,0
DA:253,0
DA:254,0
DA:255,0
DA:256,0
DA:258,0
DA:259,0
DA:260,0
DA:261,0
DA:264,0
DA:265,0
DA:266,0
DA:269,0
DA:270,0
DA:271,0
DA:272,0
DA:275,0
DA:276,0
DA:277,0
DA:278,0
DA:281,0
LF:87
LH:52
BRDA:60,0,0,1
BRDA:60,0,1,17
BRDA:85,1,0,2
BRDA:85,1,1,3
BRDA:86,2,0,3
BRDA:86,2,1,0
BRDA:99,3,0,1
BRDA:99,3,1,1
BRDA:108,4,0,1
BRDA:108,4,1,0
BRDA:109,5,0,1
BRDA:109,5,1,1
BRDA:124,6,0,1
BRDA:124,6,1,13
BRDA:129,7,0,1
BRDA:129,7,1,12
BRDA:129,8,0,13
BRDA:129,8,1,1
BRDA:133,9,0,1
BRDA:133,9,1,11
BRDA:133,10,0,12
BRDA:133,10,1,1
BRDA:211,11,0,0
BRDA:223,12,0,0
BRDA:223,12,1,0
BRDA:231,13,0,0
BRDA:231,13,1,0
BRDA:231,14,0,0
BRDA:231,14,1,0
BRDA:277,15,0,0
BRDA:277,15,1,0
BRF:31
BRH:20
end_of_record
TN:
SF:src/cache/common.ts
FN:24,fatalPersistError
FNF:1
FNH:0
FNDA:0,fatalPersistError
DA:24,23
DA:25,0
DA:29,0
LF:3
LH:1
BRF:0
BRH:0
end_of_record
TN:
SF:src/cache/in-memory.ts
FN:6,(anonymous_0)
FN:10,(anonymous_1)
FN:14,(anonymous_2)
FN:18,(anonymous_3)
FN:22,(anonymous_4)
FN:30,(anonymous_5)
FN:38,(anonymous_6)
FN:44,(anonymous_7)
FN:45,(anonymous_8)
FN:49,(anonymous_9)
FNF:10
FNH:4
FNDA:15,(anonymous_0)
FNDA:0,(anonymous_1)
FNDA:0,(anonymous_2)
FNDA:0,(anonymous_3)
FNDA:24,(anonymous_4)
FNDA:0,(anonymous_5)
FNDA:21,(anonymous_6)
FNDA:1,(anonymous_7)
FNDA:0,(anonymous_8)
FNDA:0,(anonymous_9)
DA:3,23
DA:7,15
DA:8,15
DA:11,0
DA:12,0
DA:15,0
DA:16,0
DA:19,0
DA:20,0
DA:23,24
DA:24,24
DA:26,24
DA:27,0
DA:28,0
DA:30,0
DA:31,0
DA:32,0
DA:33,0
DA:36,24
DA:39,21
DA:40,4
DA:42,21
DA:45,1
DA:46,1
DA:47,1
DA:50,0
DA:51,0
DA:52,0
DA:53,0
DA:54,0
DA:56,0
LF:31
LH:13
BRDA:26,0,0,0
BRDA:26,0,1,24
BRDA:26,1,0,24
BRDA:26,1,1,11
BRDA:27,2,0,0
BRDA:27,2,1,0
BRDA:39,3,0,4
BRDA:39,3,1,17
BRDA:52,4,0,0
BRDA:52,4,1,0
BRF:10
BRH:5
end_of_record
TN:
SF:src/cache/index.ts
FN:2,(anonymous_0)
FN:3,(anonymous_1)
FN:4,(anonymous_2)
FNF:3
FNH:2
FNDA:81,(anonymous_0)
FNDA:13,(anonymous_1)
FNDA:0,(anonymous_2)
DA:2,104
DA:3,36
DA:4,23
LF:3
LH:3
BRF:0
BRH:0
end_of_record
TN:
SF:src/cache/redis.ts
FN:43,(anonymous_0)
FN:48,(anonymous_1)
FN:55,(anonymous_2)
FN:61,(anonymous_3)
FN:69,(anonymous_4)
FN:72,(anonymous_5)
FN:75,(anonymous_6)
FN:91,(anonymous_7)
FN:103,(anonymous_8)
FN:116,(anonymous_9)
FN:117,(anonymous_10)
FN:120,(anonymous_11)
FN:121,(anonymous_12)
FN:124,(anonymous_13)
FN:125,(anonymous_14)
FN:131,(anonymous_15)
FN:135,(anonymous_16)
FN:149,(anonymous_17)
FN:150,(anonymous_18)
FN:159,(anonymous_19)
FN:160,(anonymous_20)
FN:163,(anonymous_21)
FN:167,(anonymous_22)
FNF:23
FNH:10
FNDA:7,(anonymous_0)
FNDA:0,(anonymous_1)
FNDA:0,(anonymous_2)
FNDA:9,(anonymous_3)
FNDA:9,(anonymous_4)
FNDA:9,(anonymous_5)
FNDA:0,(anonymous_6)
FNDA:2,(anonymous_7)
FNDA:7,(anonymous_8)
FNDA:0,(anonymous_9)
FNDA:0,(anonymous_10)
FNDA:0,(anonymous_11)
FNDA:0,(anonymous_12)
FNDA:0,(anonymous_13)
FNDA:0,(anonymous_14)
FNDA:6,(anonymous_15)
FNDA:8,(anonymous_16)
FNDA:1,(anonymous_17)
FNDA:1,(anonymous_18)
FNDA:0,(anonymous_19)
FNDA:0,(anonymous_20)
FNDA:0,(anonymous_21)
FNDA:0,(anonymous_22)
DA:2,24
DA:36,24
DA:40,7
DA:41,7
DA:44,7
DA:45,7
DA:46,7
DA:49,0
DA:56,0
DA:62,9
DA:70,9
DA:71,9
DA:72,9
DA:73,9
DA:75,9
DA:76,0
DA:78,9
DA:79,8
DA:81,9
DA:82,9
DA:84,1
DA:85,1
DA:87,9
DA:92,2
DA:93,2
DA:94,2
DA:95,2
DA:99,2
DA:104,7
DA:105,7
DA:106,7
DA:108,2
DA:111,2
DA:112,2
DA:117,0
DA:121,0
DA:125,0
DA:126,0
DA:127,0
DA:132,6
DA:133,0
DA:135,6
DA:136,8
DA:137,8
DA:142,8
DA:145,5
DA:150,1
DA:151,1
DA:152,1
DA:153,1
DA:155,0
DA:160,0
DA:164,0
DA:165,0
DA:167,0
LF:55
LH:41
BRDA:47,0,0,7
BRDA:47,0,1,0
BRDA:56,1,0,0
BRDA:56,1,1,0
BRDA:70,2,0,0
BRDA:70,2,1,9
BRDA:71,3,0,0
BRDA:71,3,1,9
BRDA:76,4,0,0
BRDA:76,4,1,0
BRDA:104,5,0,6
BRDA:104,5,1,1
BRDA:109,6,0,2
BRDA:109,6,1,0
BRDA:132,7,0,0
BRDA:132,7,1,6
BRDA:142,8,0,1
BRDA:142,8,1,7
BRDA:142,9,0,8
BRDA:142,9,1,7
BRDA:152,10,0,1
BRDA:152,10,1,0
BRDA:152,11,0,1
BRDA:152,11,1,1
BRDA:155,12,0,0
BRDA:155,12,1,0
BRF:26
BRH:14
end_of_record
TN:
SF:src/http/business-window-guard.ts
FN:24,isOfficialApiPath
FN:41,businessWindowDecision
FN:65,createBusinessWindowGuardMiddleware
FN:71,(anonymous_3)
FN:73,(anonymous_4)
FNF:5
FNH:4
FNDA:20,isOfficialApiPath
FNDA:14,businessWindowDecision
FNDA:15,createBusinessWindowGuardMiddleware
FNDA:0,(anonymous_3)
FNDA:115,(anonymous_4)
DA:18,9
DA:20,9
DA:21,9
DA:24,9
DA:25,20
DA:41,9
DA:47,14
DA:48,12
DA:49,12
DA:50,11
DA:51,11
DA:65,9
DA:70,15
DA:71,15
DA:73,15
DA:74,115
DA:75,3
DA:76,3
DA:77,3
DA:78,3
DA:79,3
DA:80,1
DA:81,1
LF:23
LH:23
BRDA:45,0,0,0
BRDA:47,1,0,2
BRDA:47,1,1,12
BRDA:49,2,0,1
BRDA:49,2,1,11
BRDA:67,3,0,12
BRDA:70,4,0,15
BRDA:70,4,1,14
BRDA:71,5,0,15
BRDA:71,5,1,12
BRDA:74,6,0,112
BRDA:74,6,1,3
BRDA:75,7,0,3
BRDA:75,7,1,0
BRDA:76,8,0,0
BRDA:76,8,1,3
BRDA:79,9,0,2
BRDA:79,9,1,1
BRF:18
BRH:15
end_of_record
TN:
SF:src/http/business-window-rules.ts
FN:47,parseWindowList
FN:64,buildRules
FN:86,allowedWindowsForRequest
FN:92,(anonymous_4)
FNF:4
FNH:4
FNDA:705,parseWindowList
FNDA:9,buildRules
FNDA:17,allowedWindowsForRequest
FNDA:505,(anonymous_4)
DA:25,9
DA:27,9
DA:29,9
DA:31,9
DA:47,9
DA:48,705
DA:51,705
DA:52,605
DA:57,605
DA:58,1616
DA:59,1578
DA:61,605
DA:65,9
DA:66,9
DA:67,9
DA:68,639
DA:69,3195
DA:70,3195
DA:71,702
DA:72,702
DA:73,603
DA:76,9
DA:79,9
DA:86,9
DA:90,17
DA:91,17
DA:92,505
DA:93,17
LF:28
LH:28
BRDA:51,0,0,100
BRDA:51,0,1,605
BRDA:58,1,0,38
BRDA:58,1,1,1578
BRDA:61,2,0,605
BRDA:61,2,1,0
BRDA:66,3,0,9
BRDA:66,3,1,0
BRDA:70,4,0,2493
BRDA:70,4,1,702
BRDA:71,5,0,702
BRDA:71,5,1,0
BRDA:71,6,0,702
BRDA:71,6,1,0
BRDA:72,7,0,99
BRDA:72,7,1,603
BRDA:90,8,0,17
BRDA:90,8,1,0
BRDA:92,9,0,505
BRDA:92,9,1,225
BRF:20
BRH:15
end_of_record
TN:
SF:src/http/error-response.ts
FN:51,titleForStatus
FN:60,fallbackErrorCode
FN:75,coerceBusinessErrors
FN:81,(anonymous_3)
FN:104,toErrorResponse
FN:117,isErrorResponseShape
FN:136,isSessionErrorShape
FN:155,normalizeReturnedErrorBody
FN:185,normalizeThrownError
FNF:9
FNH:9
FNDA:51,titleForStatus
FNDA:11,fallbackErrorCode
FNDA:45,coerceBusinessErrors
FNDA:36,(anonymous_3)
FNDA:45,toErrorResponse
FNDA:40,isErrorResponseShape
FNDA:38,isSessionErrorShape
FNDA:138,normalizeReturnedErrorBody
FNDA:5,normalizeThrownError
DA:35,8
DA:51,8
DA:52,51
DA:61,11
DA:63,3
DA:65,0
DA:67,4
DA:69,2
DA:71,2
DA:80,45
DA:81,35
DA:82,36
DA:84,36
DA:88,36
DA:93,36
DA:96,10
DA:104,8
DA:109,45
DA:110,45
DA:117,8
DA:118,40
DA:137,38
DA:149,8
DA:155,8
DA:160,138
DA:161,39
DA:162,39
DA:164,38
DA:166,38
DA:168,38
DA:169,7
DA:171,6
DA:174,6
DA:177,31
DA:178,31
DA:181,0
DA:185,8
DA:191,5
DA:192,5
DA:194,5
DA:197,5
LF:41
LH:39
BRDA:52,0,0,51
BRDA:52,0,1,0
BRDA:52,1,0,0
BRDA:52,1,1,0
BRDA:61,2,0,3
BRDA:61,2,1,0
BRDA:61,2,2,4
BRDA:61,2,3,2
BRDA:61,2,4,2
BRDA:80,3,0,35
BRDA:80,3,1,10
BRDA:80,4,0,45
BRDA:80,4,1,35
BRDA:82,5,0,36
BRDA:82,5,1,0
BRDA:84,6,0,35
BRDA:84,6,1,1
BRDA:84,7,0,36
BRDA:84,7,1,35
BRDA:88,8,0,36
BRDA:88,8,1,0
BRDA:88,9,0,36
BRDA:88,9,1,36
BRDA:90,10,0,0
BRDA:90,10,1,0
BRDA:90,11,0,0
BRDA:90,11,1,0
BRDA:99,12,0,10
BRDA:99,12,1,0
BRDA:109,13,0,45
BRDA:109,13,1,0
BRDA:109,14,0,45
BRDA:109,14,1,45
BRDA:119,15,0,40
BRDA:119,15,1,40
BRDA:119,15,2,40
BRDA:119,15,3,2
BRDA:119,15,4,2
BRDA:138,16,0,38
BRDA:138,16,1,0
BRDA:138,16,2,0
BRDA:138,16,3,0
BRDA:138,16,4,0
BRDA:138,16,5,0
BRDA:160,17,0,99
BRDA:160,17,1,39
BRDA:161,18,0,0
BRDA:161,18,1,39
BRDA:161,19,0,39
BRDA:161,19,1,39
BRDA:162,20,0,1
BRDA:162,20,1,38
BRDA:166,21,0,0
BRDA:166,21,1,38
BRDA:168,22,0,7
BRDA:168,22,1,31
BRDA:168,23,0,38
BRDA:168,23,1,31
BRDA:169,24,0,1
BRDA:169,24,1,6
BRDA:171,25,0,6
BRDA:171,25,1,6
BRDA:171,25,2,0
BRDA:171,25,3,0
BRDA:171,25,4,0
BRDA:174,26,0,6
BRDA:174,26,1,0
BRDA:177,27,0,31
BRDA:177,27,1,0
BRDA:191,28,0,5
BRDA:191,28,1,1
BRDA:194,29,0,2
BRDA:194,29,1,3
BRDA:194,30,0,5
BRDA:194,30,1,2
BRDA:200,31,0,5
BRDA:200,31,1,2
BRF:77
BRH:53
end_of_record
TN:
SF:src/http/not-implemented.ts
FN:34,buildOfficialOps
FN:53,segmentsMatch
FN:67,findOfficialOp
FN:70,(anonymous_4)
FN:77,findUnimplementedOp
FN:91,createNotImplementedMiddleware
FN:93,(anonymous_7)
FNF:7
FNH:7
FNDA:10,buildOfficialOps
FNDA:500,segmentsMatch
FNDA:11,findOfficialOp
FNDA:812,(anonymous_4)
FNDA:6,findUnimplementedOp
FNDA:12,createNotImplementedMiddleware
FNDA:2,(anonymous_7)
DA:17,10
DA:18,10
DA:19,10
DA:21,10
DA:35,10
DA:36,10
DA:37,10
DA:38,710
DA:39,3550
DA:40,780
DA:48,10
DA:51,10
DA:53,10
DA:54,500
DA:55,132
DA:56,688
DA:57,688
DA:58,586
DA:60,20
DA:67,10
DA:68,11
DA:69,11
DA:70,812
DA:77,10
DA:82,6
DA:83,6
DA:84,4
DA:91,10
DA:92,12
DA:93,12
DA:94,2
DA:95,2
DA:96,2
DA:97,2
DA:98,2
DA:99,1
DA:100,1
LF:37
LH:37
BRDA:36,0,0,10
BRDA:36,0,1,0
BRDA:39,1,0,2770
BRDA:39,1,1,780
BRDA:54,2,0,368
BRDA:54,2,1,132
BRDA:57,3,0,102
BRDA:57,3,1,586
BRDA:57,4,0,688
BRDA:57,4,1,102
BRDA:58,5,0,112
BRDA:58,5,1,474
BRDA:68,6,0,11
BRDA:68,6,1,0
BRDA:70,7,0,812
BRDA:70,7,1,275
BRDA:83,8,0,2
BRDA:83,8,1,4
BRDA:84,9,0,2
BRDA:84,9,1,2
BRDA:94,10,0,2
BRDA:94,10,1,0
BRDA:95,11,0,0
BRDA:95,11,1,2
BRDA:98,12,0,1
BRDA:98,12,1,1
BRF:26
BRH:22
end_of_record
TN:
SF:src/http/request-validation.ts
FN:66,sanitizeForAjv
FN:88,validatorFor
FN:102,describeError
FN:118,validateRequestBody
FN:125,(anonymous_5)
FN:132,schemaForRequest
FN:166,unpatternedMoneyFields
FN:168,(anonymous_8)
FN:172,moneyFieldsFor
FN:185,moneyPrecisionErrors
FN:210,currencyError
FN:228,createRequestValidationMiddleware
FN:229,(anonymous_13)
FNF:13
FNH:13
FNDA:70304,sanitizeForAjv
FNDA:66,validatorFor
FNDA:17,describeError
FNDA:66,validateRequestBody
FNDA:17,(anonymous_5)
FNDA:125,schemaForRequest
FNDA:17,unpatternedMoneyFields
FNDA:51,(anonymous_8)
FNDA:60,moneyFieldsFor
FNDA:60,moneyPrecisionErrors
FNDA:62,currencyError
FNDA:12,createRequestValidationMiddleware
FNDA:119,(anonymous_13)
DA:20,8
DA:21,8
DA:28,8
DA:36,8
DA:51,8
DA:67,70304
DA:68,2928
DA:69,2928
DA:71,67376
DA:72,29408
DA:73,29408
DA:74,29408
DA:75,280
DA:77,62776
DA:81,8
DA:82,8
DA:83,8
DA:86,8
DA:89,66
DA:90,17
DA:91,17
DA:92,17
DA:95,0
DA:96,0
DA:98,17
DA:99,17
DA:103,17
DA:104,17
DA:105,11
DA:107,6
DA:108,5
DA:110,1
DA:118,8
DA:122,66
DA:123,66
DA:124,66
DA:125,17
DA:132,8
DA:133,125
DA:137,125
DA:138,125
DA:139,125
DA:143,8
DA:149,8
DA:152,8
DA:155,8
DA:167,17
DA:168,51
DA:171,8
DA:173,60
DA:174,60
DA:175,17
DA:176,17
DA:178,60
DA:185,8
DA:189,60
DA:190,60
DA:191,60
DA:192,60
DA:193,20
DA:194,20
DA:195,1
DA:201,60
DA:210,8
DA:211,62
DA:212,61
DA:213,61
DA:214,5
DA:220,57
DA:228,8
DA:229,12
DA:230,119
DA:231,119
DA:234,55
DA:235,55
DA:236,55
DA:238,0
DA:239,0
DA:244,55
DA:247,55
DA:249,55
DA:250,55
DA:251,55
DA:252,5
DA:253,5
LF:85
LH:81
BRDA:67,0,0,2928
BRDA:67,0,1,67376
BRDA:71,1,0,29408
BRDA:71,1,1,37968
BRDA:71,2,0,67376
BRDA:71,2,1,66248
BRDA:73,3,0,104
BRDA:73,3,1,29304
BRDA:74,4,0,280
BRDA:74,4,1,29128
BRDA:89,5,0,49
BRDA:89,5,1,17
BRDA:89,6,0,49
BRDA:89,6,1,0
BRDA:103,7,0,6
BRDA:103,7,1,11
BRDA:104,8,0,11
BRDA:104,8,1,6
BRDA:107,9,0,5
BRDA:107,9,1,1
BRDA:123,10,0,0
BRDA:123,10,1,66
BRDA:124,11,0,56
BRDA:124,11,1,10
BRDA:125,12,0,10
BRDA:125,12,1,0
BRDA:133,13,0,125
BRDA:133,13,1,0
BRDA:138,14,0,125
BRDA:138,14,1,0
BRDA:138,15,0,125
BRDA:138,15,1,13
BRDA:155,16,0,8
BRDA:155,16,1,0
BRDA:167,17,0,17
BRDA:167,17,1,0
BRDA:168,18,0,51
BRDA:168,18,1,17
BRDA:174,19,0,17
BRDA:174,19,1,43
BRDA:190,20,0,0
BRDA:190,20,1,60
BRDA:190,21,0,60
BRDA:190,21,1,60
BRDA:194,22,0,1
BRDA:194,22,1,19
BRDA:194,23,0,20
BRDA:194,23,1,20
BRDA:194,23,2,20
BRDA:211,24,0,61
BRDA:211,24,1,1
BRDA:211,25,0,62
BRDA:211,25,1,61
BRDA:213,26,0,5
BRDA:213,26,1,56
BRDA:213,27,0,61
BRDA:213,27,1,59
BRDA:213,27,2,59
BRDA:230,28,0,119
BRDA:230,28,1,0
BRDA:231,29,0,64
BRDA:231,29,1,55
BRDA:235,30,0,55
BRDA:235,30,1,55
BRDA:250,31,0,2
BRDA:250,31,1,53
BRDA:251,32,0,50
BRDA:251,32,1,5
BRF:68
BRH:59
end_of_record
TN:
SF:src/http/route-registry.ts
FN:22,recordRoute
FN:26,getRegisteredRoutes
FN:35,normalizePath
FN:38,(anonymous_3)
FN:47,registeredKeySet
FN:49,(anonymous_5)
FN:59,track
FN:65,(anonymous_7)
FNF:8
FNH:7
FNDA:482,recordRoute
FNDA:0,getRegisteredRoutes
FNDA:836,normalizePath
FNDA:6412,(anonymous_3)
FNDA:2,registeredKeySet
FNDA:42,(anonymous_5)
FNDA:121,track
FNDA:482,(anonymous_7)
DA:20,15
DA:22,15
DA:23,482
DA:26,15
DA:27,0
DA:35,15
DA:36,836
DA:39,6412
DA:47,15
DA:48,2
DA:49,42
DA:53,15
DA:59,15
DA:60,121
DA:61,121
DA:62,605
DA:63,605
DA:64,604
DA:65,604
DA:66,482
DA:67,482
DA:70,121
LF:22
LH:21
BRDA:39,0,0,1400
BRDA:39,0,1,5012
BRDA:39,1,0,6412
BRDA:39,1,1,6348
BRDA:39,1,2,1336
BRDA:63,2,0,1
BRDA:63,2,1,604
BRF:7
BRH:7
end_of_record
TN:
SF:src/logger/middleware.ts
FN:5,getCertFingerprint
FN:10,(anonymous_1)
FN:11,(anonymous_2)
FN:30,(anonymous_3)
FNF:4
FNH:3
FNDA:0,getCertFingerprint
FNDA:12,(anonymous_1)
FNDA:135,(anonymous_2)
FNDA:135,(anonymous_3)
DA:1,7
DA:3,7
DA:6,0
DA:7,0
DA:10,7
DA:11,12
DA:12,135
DA:15,135
DA:16,135
DA:17,0
DA:18,0
DA:19,0
DA:20,0
DA:21,0
DA:23,0
DA:24,0
DA:28,135
DA:29,135
DA:30,135
DA:31,135
DA:32,135
DA:33,135
DA:38,135
DA:39,135
DA:44,135
LF:25
LH:16
BRDA:6,0,0,0
BRDA:6,0,1,0
BRDA:6,1,0,0
BRDA:6,1,1,0
BRDA:16,2,0,0
BRDA:16,2,1,135
BRDA:16,3,0,135
BRDA:16,3,1,135
BRDA:18,4,0,0
BRDA:18,4,1,0
BRDA:18,5,0,0
BRDA:18,5,1,0
BRDA:24,6,0,0
BRDA:24,6,1,0
BRDA:33,7,0,135
BRDA:33,7,1,135
BRDA:39,8,0,0
BRDA:39,8,1,135
BRDA:41,9,0,0
BRDA:41,9,1,0
BRDA:41,10,0,0
BRDA:41,10,1,0
BRF:22
BRH:6
end_of_record
TN:
SF:src/routes/bridge-payments.ts
FN:29,createBridgePaymentsRouter
FN:35,(anonymous_1)
FN:58,(anonymous_2)
FN:59,(anonymous_3)
FNF:4
FNH:3
FNDA:12,createBridgePaymentsRouter
FNDA:5,(anonymous_1)
FNDA:30,(anonymous_2)
FNDA:0,(anonymous_3)
DA:1,7
DA:8,7
DA:10,7
DA:12,7
DA:13,7
DA:29,7
DA:30,12
DA:31,12
DA:33,12
DA:36,5
DA:47,5
DA:50,5
DA:58,30
DA:59,0
DA:60,5
DA:61,0
DA:62,0
DA:73,5
DA:74,5
DA:77,5
DA:78,5
DA:90,2
DA:91,2
DA:92,2
DA:94,0
DA:101,3
DA:102,3
DA:103,3
DA:107,12
LF:29
LH:25
BRDA:60,0,0,0
BRDA:60,0,1,5
BRDA:80,1,0,5
BRDA:80,1,1,0
BRDA:82,2,0,5
BRDA:82,2,1,0
BRDA:87,3,0,5
BRDA:87,3,1,0
BRDA:90,4,0,2
BRDA:90,4,1,0
BRF:10
BRH:5
end_of_record
TN:
SF:src/routes/business-window.ts
FN:6,createBusinessWindowRouter
FN:15,(anonymous_1)
FN:29,(anonymous_2)
FN:44,(anonymous_3)
FN:56,(anonymous_4)
FNF:5
FNH:1
FNDA:12,createBusinessWindowRouter
FNDA:0,(anonymous_1)
FNDA:0,(anonymous_2)
FNDA:0,(anonymous_3)
FNDA:0,(anonymous_4)
DA:1,7
DA:2,7
DA:4,7
DA:6,7
DA:7,12
DA:13,12
DA:16,0
DA:17,0
DA:27,12
DA:30,0
DA:31,0
DA:42,12
DA:45,0
DA:54,12
DA:56,0
DA:59,12
LF:16
LH:10
BRF:0
BRH:0
end_of_record
TN:
SF:src/routes/direct-rtgs.ts
FN:19,sendRejection
FN:27,callerOf
FN:40,historicStatusMap
FN:64,rtgsResponseView
FN:99,rtgsGetView
FN:138,createDirectRtgsRouter
FN:142,buildInit
FN:167,(anonymous_7)
FN:198,(anonymous_8)
FN:234,(anonymous_9)
FN:249,(anonymous_10)
FN:263,(anonymous_11)
FNF:12
FNH:10
FNDA:0,sendRejection
FNDA:4,callerOf
FNDA:1,historicStatusMap
FNDA:5,rtgsResponseView
FNDA:1,rtgsGetView
FNDA:12,createDirectRtgsRouter
FNDA:4,buildInit
FNDA:4,(anonymous_7)
FNDA:3,(anonymous_8)
FNDA:1,(anonymous_9)
FNDA:1,(anonymous_10)
FNDA:0,(anonymous_11)
DA:1,7
DA:10,7
DA:14,7
DA:15,7
DA:16,7
DA:17,7
DA:20,0
DA:21,0
DA:22,0
DA:24,0
DA:28,4
DA:29,4
DA:41,1
DA:42,1
DA:43,1
DA:44,3
DA:45,3
DA:54,1
DA:65,5
DA:100,1
DA:138,7
DA:139,12
DA:140,12
DA:146,4
DA:165,12
DA:168,4
DA:172,4
DA:173,4
DA:175,0
DA:177,4
DA:178,4
DA:179,4
DA:180,4
DA:190,4
DA:191,4
DA:196,12
DA:199,3
DA:200,3
DA:201,3
DA:202,3
DA:203,3
DA:204,2
DA:210,2
DA:211,2
DA:213,1
DA:214,1
DA:215,1
DA:216,1
DA:218,0
DA:219,0
DA:225,0
DA:232,12
DA:235,1
DA:236,1
DA:237,1
DA:238,0
DA:239,0
DA:241,1
DA:247,12
DA:250,1
DA:251,1
DA:252,1
DA:253,0
DA:254,0
DA:256,1
DA:261,12
DA:264,0
DA:265,0
DA:266,0
DA:267,0
DA:268,0
DA:270,0
DA:274,0
DA:275,0
DA:276,0
DA:280,12
LF:76
LH:55
BRDA:20,0,0,0
BRDA:20,0,1,0
BRDA:29,1,0,4
BRDA:29,1,1,0
BRDA:41,2,0,0
BRDA:41,2,1,1
BRDA:46,3,0,3
BRDA:46,3,1,0
BRDA:47,4,0,3
BRDA:47,4,1,0
BRDA:51,5,0,3
BRDA:51,5,1,0
BRDA:69,6,0,5
BRDA:69,6,1,0
BRDA:77,7,0,5
BRDA:77,7,1,0
BRDA:78,8,0,5
BRDA:78,8,1,2
BRDA:80,9,0,5
BRDA:80,9,1,0
BRDA:81,10,0,5
BRDA:81,10,1,0
BRDA:82,11,0,5
BRDA:82,11,1,0
BRDA:83,12,0,5
BRDA:83,12,1,0
BRDA:103,13,0,1
BRDA:103,13,1,1
BRDA:104,14,0,1
BRDA:104,14,1,0
BRDA:105,15,0,1
BRDA:105,15,1,0
BRDA:111,16,0,1
BRDA:111,16,1,1
BRDA:112,17,0,1
BRDA:112,17,1,0
BRDA:113,18,0,1
BRDA:113,18,1,0
BRDA:120,19,0,1
BRDA:120,19,1,0
BRDA:121,20,0,1
BRDA:121,20,1,0
BRDA:123,21,0,1
BRDA:123,21,1,0
BRDA:124,22,0,1
BRDA:124,22,1,0
BRDA:127,23,0,1
BRDA:127,23,1,1
BRDA:148,24,0,4
BRDA:148,24,1,0
BRDA:149,25,0,4
BRDA:149,25,1,0
BRDA:150,26,0,4
BRDA:150,26,1,0
BRDA:151,27,0,4
BRDA:151,27,1,0
BRDA:200,28,0,3
BRDA:200,28,1,0
BRDA:203,29,0,2
BRDA:203,29,1,1
BRDA:203,30,0,3
BRDA:203,30,1,1
BRDA:213,31,0,1
BRDA:213,31,1,0
BRDA:213,32,0,1
BRDA:213,32,1,0
BRDA:213,32,2,0
BRDA:237,33,0,0
BRDA:237,33,1,1
BRDA:237,34,0,1
BRDA:237,34,1,1
BRDA:252,35,0,0
BRDA:252,35,1,1
BRDA:252,36,0,1
BRDA:252,36,1,1
BRDA:265,37,0,0
BRDA:265,37,1,0
BRDA:265,37,2,0
BRF:78
BRH:44
end_of_record
TN:
SF:src/routes/funding.ts
FN:19,rejectAsError
FN:36,stringResponse
FN:42,approverUUID
FN:47,actingUsername
FN:52,callerOf
FN:63,ensureWallet
FN:83,fundingReadView
FN:123,createFundingRouter
FN:140,(anonymous_8)
FN:245,(anonymous_9)
FN:271,(anonymous_10)
FN:352,(anonymous_11)
FN:384,(anonymous_12)
FN:402,(anonymous_13)
FNF:14
FNH:14
FNDA:1,rejectAsError
FNDA:14,stringResponse
FNDA:27,approverUUID
FNDA:27,actingUsername
FNDA:15,callerOf
FNDA:12,ensureWallet
FNDA:3,fundingReadView
FNDA:12,createFundingRouter
FNDA:12,(anonymous_8)
FNDA:12,(anonymous_9)
FNDA:4,(anonymous_10)
FNDA:3,(anonymous_11)
FNDA:1,(anonymous_12)
FNDA:2,(anonymous_13)
DA:1,7
DA:13,7
DA:14,7
DA:15,7
DA:16,7
DA:20,1
DA:21,1
DA:28,0
DA:37,14
DA:38,14
DA:43,27
DA:48,27
DA:53,15
DA:54,15
DA:64,12
DA:65,12
DA:71,12
DA:84,3
DA:85,3
DA:105,3
DA:106,3
DA:107,2
DA:123,7
DA:124,12
DA:125,12
DA:126,12
DA:138,12
DA:141,12
DA:142,12
DA:143,12
DA:147,12
DA:148,12
DA:157,12
DA:158,12
DA:159,12
DA:190,12
DA:191,12
DA:243,12
DA:246,12
DA:247,12
DA:248,12
DA:249,12
DA:250,11
DA:252,10
DA:254,1
DA:255,1
DA:256,1
DA:258,0
DA:263,1
DA:269,12
DA:272,4
DA:273,4
DA:278,4
DA:279,4
DA:280,4
DA:306,4
DA:307,4
DA:350,12
DA:353,3
DA:354,3
DA:355,3
DA:356,3
DA:357,3
DA:358,2
DA:364,2
DA:366,1
DA:367,1
DA:368,1
DA:370,0
DA:375,0
DA:382,12
DA:385,1
DA:386,1
DA:387,1
DA:388,0
DA:393,1
DA:400,12
DA:403,2
DA:404,2
DA:405,2
DA:406,0
DA:411,2
DA:418,12
LF:83
LH:77
BRDA:20,0,0,1
BRDA:20,0,1,0
BRDA:54,1,0,15
BRDA:54,1,1,0
BRDA:64,2,0,0
BRDA:64,2,1,12
BRDA:64,3,0,12
BRDA:64,3,1,12
BRDA:91,4,0,3
BRDA:91,4,1,0
BRDA:92,5,0,3
BRDA:92,5,1,0
BRDA:94,6,0,3
BRDA:94,6,1,0
BRDA:95,7,0,3
BRDA:95,7,1,0
BRDA:96,8,0,3
BRDA:96,8,1,0
BRDA:97,9,0,3
BRDA:97,9,1,1
BRDA:98,10,0,3
BRDA:98,10,1,0
BRDA:99,11,0,3
BRDA:99,11,1,0
BRDA:103,12,0,3
BRDA:103,12,1,0
BRDA:105,13,0,1
BRDA:105,13,1,2
BRDA:106,14,0,1
BRDA:106,14,1,2
BRDA:111,15,0,2
BRDA:111,15,1,0
BRDA:112,16,0,2
BRDA:112,16,1,0
BRDA:113,17,0,2
BRDA:113,17,1,2
BRDA:114,18,0,2
BRDA:114,18,1,0
BRDA:115,19,0,2
BRDA:115,19,1,2
BRDA:117,20,0,2
BRDA:117,20,1,0
BRDA:117,21,0,2
BRDA:117,21,1,0
BRDA:118,22,0,2
BRDA:118,22,1,0
BRDA:147,23,0,12
BRDA:147,23,1,0
BRDA:152,24,0,12
BRDA:152,24,1,0
BRDA:153,25,0,12
BRDA:153,25,1,0
BRDA:162,26,0,12
BRDA:162,26,1,0
BRDA:164,27,0,12
BRDA:164,27,1,0
BRDA:175,28,0,12
BRDA:175,28,1,0
BRDA:176,29,0,12
BRDA:176,29,1,0
BRDA:205,30,0,0
BRDA:205,30,1,12
BRDA:211,31,0,12
BRDA:211,31,1,7
BRDA:216,32,0,12
BRDA:216,32,1,0
BRDA:217,33,0,12
BRDA:217,33,1,0
BRDA:219,34,0,12
BRDA:219,34,1,0
BRDA:220,35,0,12
BRDA:220,35,1,0
BRDA:225,36,0,12
BRDA:225,36,1,0
BRDA:226,37,0,12
BRDA:226,37,1,0
BRDA:247,38,0,12
BRDA:247,38,1,0
BRDA:249,39,0,11
BRDA:249,39,1,1
BRDA:249,40,0,12
BRDA:249,40,1,1
BRDA:254,41,0,1
BRDA:254,41,1,0
BRDA:254,42,0,1
BRDA:254,42,1,0
BRDA:254,42,2,0
BRDA:282,43,0,4
BRDA:282,43,1,0
BRDA:285,44,0,4
BRDA:285,44,1,0
BRDA:316,45,0,0
BRDA:316,45,1,4
BRDA:321,46,0,4
BRDA:321,46,1,0
BRDA:322,47,0,4
BRDA:322,47,1,3
BRDA:330,48,0,4
BRDA:330,48,1,0
BRDA:331,49,0,4
BRDA:331,49,1,0
BRDA:333,50,0,4
BRDA:333,50,1,0
BRDA:334,51,0,4
BRDA:334,51,1,0
BRDA:354,52,0,3
BRDA:354,52,1,0
BRDA:357,53,0,2
BRDA:357,53,1,1
BRDA:357,54,0,3
BRDA:357,54,1,1
BRDA:359,55,0,2
BRDA:359,55,1,0
BRDA:366,56,0,1
BRDA:366,56,1,0
BRDA:366,57,0,1
BRDA:366,57,1,0
BRDA:366,57,2,0
BRDA:387,58,0,0
BRDA:387,58,1,1
BRDA:387,59,0,1
BRDA:387,59,1,1
BRDA:387,59,2,0
BRDA:405,60,0,0
BRDA:405,60,1,2
BRDA:405,61,0,2
BRDA:405,61,1,2
BRDA:405,61,2,1
BRF:128
BRH:77
end_of_record
TN:
SF:src/routes/grs-entities.ts
FN:12,createGrsEntitiesRouter
FN:18,(anonymous_1)
FN:24,(anonymous_2)
FNF:3
FNH:1
FNDA:12,createGrsEntitiesRouter
FNDA:0,(anonymous_1)
FNDA:0,(anonymous_2)
DA:1,7
DA:2,7
DA:3,7
DA:12,7
DA:13,12
DA:16,12
DA:18,0
DA:22,12
DA:25,0
DA:26,0
DA:27,0
DA:28,0
DA:33,0
DA:37,12
LF:14
LH:8
BRDA:27,0,0,0
BRDA:27,0,1,0
BRF:2
BRH:0
end_of_record
TN:
SF:src/routes/health.ts
FN:21,normalizeIp
FN:26,createHealthRouter
FN:31,(anonymous_2)
FN:52,(anonymous_3)
FN:70,(anonymous_4)
FNF:5
FNH:2
FNDA:0,normalizeIp
FNDA:12,createHealthRouter
FNDA:1,(anonymous_2)
FNDA:0,(anonymous_3)
FNDA:0,(anonymous_4)
DA:1,7
DA:22,0
DA:23,0
DA:26,7
DA:27,12
DA:29,12
DA:38,1
DA:50,12
DA:53,0
DA:54,0
DA:57,0
DA:68,12
DA:71,0
DA:72,0
DA:74,0
DA:75,0
DA:76,0
DA:86,0
DA:87,0
DA:88,0
DA:90,0
DA:94,12
LF:22
LH:8
BRDA:22,0,0,0
BRDA:22,0,1,0
BRDA:23,1,0,0
BRDA:23,1,1,0
BRDA:54,2,0,0
BRDA:54,2,1,0
BRDA:74,3,0,0
BRDA:74,3,1,0
BRDA:74,4,0,0
BRDA:74,4,1,0
BRDA:79,5,0,0
BRDA:79,5,1,0
BRF:12
BRH:0
end_of_record
TN:
SF:src/routes/pfod.ts
FN:18,(anonymous_0)
FN:19,(anonymous_1)
FN:21,expired
FN:34,createPfodRouter
FN:43,stringResponse
FN:48,reject
FN:56,storeLeg
FN:79,tryMatch
FN:124,(anonymous_8)
FN:156,(anonymous_9)
FNF:10
FNH:9
FNDA:5,(anonymous_0)
FNDA:4,(anonymous_1)
FNDA:2,expired
FNDA:12,createPfodRouter
FNDA:3,stringResponse
FNDA:0,reject
FNDA:3,storeLeg
FNDA:3,tryMatch
FNDA:2,(anonymous_8)
FNDA:1,(anonymous_9)
DA:1,7
DA:10,7
DA:12,7
DA:13,7
DA:16,7
DA:18,7
DA:19,7
DA:22,2
DA:34,7
DA:35,12
DA:36,12
DA:44,3
DA:45,3
DA:49,0
DA:50,0
DA:51,0
DA:52,0
DA:57,3
DA:58,3
DA:72,3
DA:73,3
DA:80,3
DA:81,3
DA:82,3
DA:83,2
DA:85,1
DA:86,1
DA:87,0
DA:88,0
DA:89,0
DA:90,0
DA:92,1
DA:93,0
DA:95,1
DA:96,0
DA:97,0
DA:104,1
DA:105,1
DA:106,1
DA:107,1
DA:108,1
DA:109,1
DA:114,0
DA:116,1
DA:117,1
DA:118,1
DA:122,12
DA:125,2
DA:126,2
DA:127,2
DA:128,0
DA:129,0
DA:133,2
DA:134,0
DA:135,0
DA:137,2
DA:138,2
DA:139,2
DA:146,2
DA:147,2
DA:149,0
DA:154,12
DA:157,1
DA:158,1
DA:159,1
DA:160,0
DA:161,0
DA:165,1
DA:166,0
DA:167,0
DA:169,1
DA:170,1
DA:171,1
DA:178,1
DA:179,1
DA:180,1
DA:182,0
DA:186,12
LF:78
LH:56
BRDA:16,0,0,7
BRDA:16,0,1,7
BRDA:22,1,0,2
BRDA:22,1,1,2
BRDA:49,2,0,0
BRDA:49,2,1,0
BRDA:82,3,0,2
BRDA:82,3,1,1
BRDA:82,4,0,3
BRDA:82,4,1,3
BRDA:86,5,0,0
BRDA:86,5,1,1
BRDA:86,6,0,1
BRDA:86,6,1,1
BRDA:87,7,0,0
BRDA:87,7,1,0
BRDA:88,8,0,0
BRDA:88,8,1,0
BRDA:92,9,0,0
BRDA:92,9,1,1
BRDA:92,10,0,1
BRDA:92,10,1,1
BRDA:93,11,0,0
BRDA:93,11,1,0
BRDA:95,12,0,0
BRDA:95,12,1,1
BRDA:95,13,0,1
BRDA:95,13,1,1
BRDA:107,14,0,1
BRDA:107,14,1,0
BRDA:127,15,0,0
BRDA:127,15,1,2
BRDA:127,16,0,2
BRDA:127,16,1,2
BRDA:127,16,2,2
BRDA:127,16,3,2
BRDA:133,17,0,0
BRDA:133,17,1,2
BRDA:146,18,0,2
BRDA:146,18,1,0
BRDA:146,19,0,2
BRDA:146,19,1,2
BRDA:159,20,0,0
BRDA:159,20,1,1
BRDA:159,21,0,1
BRDA:159,21,1,1
BRDA:159,21,2,1
BRDA:159,21,3,1
BRDA:165,22,0,0
BRDA:165,22,1,1
BRDA:178,23,0,1
BRDA:178,23,1,0
BRF:52
BRH:34
end_of_record
TN:
SF:src/routes/transfers.ts
FN:20,authCaller
FN:29,sendRejection
FN:37,badRequest
FN:47,networkId
FN:63,transferView
FN:129,imsTransactionView
FN:180,createTransfersRouter
FN:187,(anonymous_7)
FN:273,(anonymous_8)
FN:277,(anonymous_9)
FN:278,(anonymous_10)
FN:285,(anonymous_11)
FN:302,(anonymous_12)
FNF:13
FNH:13
FNDA:23,authCaller
FNDA:7,sendRejection
FNDA:2,badRequest
FNDA:30,networkId
FNDA:9,transferView
FNDA:2,imsTransactionView
FNDA:12,createTransfersRouter
FNDA:14,(anonymous_7)
FNDA:2,(anonymous_8)
FNDA:3,(anonymous_9)
FNDA:2,(anonymous_10)
FNDA:2,(anonymous_11)
FNDA:6,(anonymous_12)
DA:1,7
DA:9,7
DA:14,7
DA:15,7
DA:16,7
DA:17,7
DA:21,23
DA:22,23
DA:30,7
DA:31,7
DA:32,7
DA:34,0
DA:38,2
DA:39,2
DA:47,7
DA:48,30
DA:68,9
DA:110,7
DA:130,2
DA:131,2
DA:132,2
DA:180,7
DA:181,12
DA:182,12
DA:185,12
DA:188,14
DA:189,14
DA:194,14
DA:195,0
DA:197,14
DA:198,1
DA:200,13
DA:201,0
DA:203,13
DA:204,13
DA:205,1
DA:212,12
DA:213,12
DA:215,1
DA:218,11
DA:225,11
DA:226,11
DA:252,4
DA:255,7
DA:259,7
DA:271,12
DA:274,2
DA:275,2
DA:277,3
DA:278,2
DA:283,12
DA:286,2
DA:287,2
DA:288,2
DA:289,2
DA:290,0
DA:291,0
DA:293,2
DA:300,12
DA:303,6
DA:304,6
DA:305,6
DA:306,6
DA:307,5
DA:308,5
DA:310,3
DA:311,3
DA:313,1
DA:314,1
DA:315,1
DA:316,1
DA:318,0
DA:319,0
DA:325,2
DA:330,12
LF:75
LH:68
BRDA:23,0,0,23
BRDA:23,0,1,0
BRDA:30,1,0,7
BRDA:30,1,1,0
BRDA:48,2,0,30
BRDA:48,2,1,30
BRDA:66,3,0,2
BRDA:71,4,0,9
BRDA:71,4,1,2
BRDA:141,5,0,2
BRDA:141,5,1,2
BRDA:151,6,0,2
BRDA:151,6,1,1
BRDA:152,7,0,2
BRDA:152,7,1,2
BRDA:153,8,0,2
BRDA:153,8,1,1
BRDA:159,9,0,0
BRDA:159,9,1,2
BRDA:160,10,0,0
BRDA:160,10,1,2
BRDA:160,11,0,0
BRDA:160,11,1,0
BRDA:163,12,0,2
BRDA:163,12,1,1
BRDA:164,13,0,2
BRDA:164,13,1,2
BRDA:165,14,0,2
BRDA:165,14,1,2
BRDA:194,15,0,0
BRDA:194,15,1,14
BRDA:194,16,0,14
BRDA:194,16,1,14
BRDA:197,17,0,1
BRDA:197,17,1,13
BRDA:197,18,0,14
BRDA:197,18,1,14
BRDA:200,19,0,0
BRDA:200,19,1,13
BRDA:200,20,0,13
BRDA:200,20,1,12
BRDA:204,21,0,1
BRDA:204,21,1,12
BRDA:204,22,0,13
BRDA:204,22,1,2
BRDA:228,23,0,11
BRDA:228,23,1,0
BRDA:230,24,0,11
BRDA:230,24,1,0
BRDA:231,25,0,11
BRDA:231,25,1,0
BRDA:241,26,0,11
BRDA:241,26,1,10
BRDA:289,27,0,0
BRDA:289,27,1,2
BRDA:289,28,0,2
BRDA:289,28,1,2
BRDA:304,29,0,6
BRDA:304,29,1,0
BRDA:306,30,0,5
BRDA:306,30,1,1
BRDA:306,31,0,6
BRDA:306,31,1,1
BRDA:313,32,0,1
BRDA:313,32,1,0
BRDA:313,33,0,1
BRDA:313,33,1,0
BRDA:313,33,2,0
BRF:68
BRH:52
end_of_record
TN:
SF:src/routes/wallets.ts
FN:21,callerOf
FN:36,moveParty
FN:49,toSettlement
FN:91,walletNotFound
FN:115,inScope
FN:130,badRequest
FN:135,toWalletResponse
FN:208,(anonymous_7)
FN:223,createWalletsRouter
FN:235,(anonymous_9)
FN:266,(anonymous_10)
FN:279,(anonymous_11)
FN:330,(anonymous_12)
FN:345,(anonymous_13)
FN:355,(anonymous_14)
FNF:15
FNH:13
FNDA:18,callerOf
FNDA:8,moveParty
FNDA:4,toSettlement
FNDA:0,walletNotFound
FNDA:22,inScope
FNDA:3,badRequest
FNDA:19,toWalletResponse
FNDA:0,(anonymous_7)
FNDA:12,createWalletsRouter
FNDA:8,(anonymous_9)
FNDA:22,(anonymous_10)
FNDA:9,(anonymous_11)
FNDA:3,(anonymous_12)
FNDA:2,(anonymous_13)
FNDA:4,(anonymous_14)
DA:1,7
DA:10,7
DA:13,7
DA:15,7
DA:16,7
DA:17,7
DA:18,7
DA:22,18
DA:23,18
DA:26,7
DA:37,8
DA:38,8
DA:39,0
DA:40,0
DA:50,4
DA:51,4
DA:52,4
DA:53,4
DA:92,0
DA:103,7
DA:116,22
DA:117,22
DA:121,7
DA:124,15
DA:126,0
DA:131,3
DA:132,3
DA:136,19
DA:137,19
DA:141,19
DA:142,19
DA:208,0
DA:223,7
DA:224,12
DA:233,12
DA:236,8
DA:237,8
DA:238,8
DA:239,8
DA:243,8
DA:244,1
DA:247,7
DA:248,7
DA:249,0
DA:251,7
DA:252,1
DA:254,6
DA:255,6
DA:256,1
DA:261,5
DA:263,4
DA:264,4
DA:266,22
DA:277,12
DA:280,9
DA:281,9
DA:282,0
DA:283,0
DA:289,9
DA:290,9
DA:291,9
DA:292,0
DA:293,0
DA:298,9
DA:299,1
DA:300,1
DA:306,8
DA:307,1
DA:308,1
DA:312,7
DA:313,7
DA:322,7
DA:323,7
DA:328,12
DA:331,3
DA:333,3
DA:334,3
DA:335,0
DA:336,0
DA:338,3
DA:343,12
DA:346,2
DA:347,2
DA:348,2
DA:349,2
DA:350,0
DA:351,0
DA:353,2
DA:355,4
DA:359,12
LF:90
LH:76
BRDA:23,0,0,18
BRDA:23,0,1,0
BRDA:38,1,0,8
BRDA:38,1,1,0
BRDA:39,2,0,0
BRDA:39,2,1,0
BRDA:52,3,0,4
BRDA:52,3,1,0
BRDA:64,4,0,4
BRDA:64,4,1,0
BRDA:75,5,0,4
BRDA:75,5,1,4
BRDA:76,6,0,4
BRDA:76,6,1,2
BRDA:77,7,0,4
BRDA:77,7,1,4
BRDA:116,8,0,0
BRDA:116,8,1,22
BRDA:117,9,0,0
BRDA:117,9,1,7
BRDA:117,9,2,7
BRDA:117,9,3,8
BRDA:117,9,4,15
BRDA:117,9,5,0
BRDA:160,10,0,19
BRDA:160,10,1,19
BRDA:166,11,0,19
BRDA:166,11,1,0
BRDA:186,12,0,19
BRDA:186,12,1,10
BRDA:189,13,0,19
BRDA:189,13,1,0
BRDA:195,14,0,19
BRDA:195,14,1,19
BRDA:203,15,0,19
BRDA:203,15,1,0
BRDA:214,16,0,0
BRDA:214,16,1,0
BRDA:219,17,0,19
BRDA:219,17,1,0
BRDA:237,18,0,3
BRDA:237,18,1,5
BRDA:238,19,0,1
BRDA:238,19,1,7
BRDA:239,20,0,7
BRDA:239,20,1,1
BRDA:243,21,0,1
BRDA:243,21,1,7
BRDA:243,22,0,8
BRDA:243,22,1,3
BRDA:248,23,0,0
BRDA:248,23,1,7
BRDA:248,24,0,7
BRDA:248,24,1,1
BRDA:248,24,2,1
BRDA:251,25,0,1
BRDA:251,25,1,6
BRDA:255,26,0,1
BRDA:255,26,1,5
BRDA:261,27,0,1
BRDA:261,27,1,4
BRDA:281,28,0,0
BRDA:281,28,1,9
BRDA:289,29,0,9
BRDA:289,29,1,0
BRDA:290,30,0,9
BRDA:290,30,1,0
BRDA:291,31,0,0
BRDA:291,31,1,9
BRDA:291,32,0,9
BRDA:291,32,1,9
BRDA:298,33,0,1
BRDA:298,33,1,8
BRDA:298,34,0,9
BRDA:298,34,1,1
BRDA:306,35,0,1
BRDA:306,35,1,7
BRDA:316,36,0,7
BRDA:316,36,1,1
BRDA:316,36,2,6
BRDA:317,37,0,7
BRDA:317,37,1,0
BRDA:317,37,2,7
BRDA:319,38,0,0
BRDA:319,38,1,7
BRDA:320,39,0,0
BRDA:320,39,1,7
BRDA:334,40,0,0
BRDA:334,40,1,3
BRDA:349,41,0,0
BRDA:349,41,1,2
BRF:91
BRH:66
end_of_record
TN:
SF:src/routes/xvp.ts
FN:16,ensureWallet
FN:31,createXvpRouter
FN:35,reject
FN:43,(anonymous_3)
FN:118,(anonymous_4)
FN:144,(anonymous_5)
FN:192,(anonymous_6)
FNF:7
FNH:7
FNDA:6,ensureWallet
FNDA:12,createXvpRouter
FNDA:2,reject
FNDA:6,(anonymous_3)
FNDA:1,(anonymous_4)
FNDA:3,(anonymous_5)
FNDA:2,(anonymous_6)
DA:1,7
DA:10,7
DA:12,7
DA:13,7
DA:14,7
DA:17,6
DA:18,2
DA:19,2
DA:31,7
DA:32,12
DA:33,12
DA:36,2
DA:37,2
DA:38,2
DA:40,0
DA:43,12
DA:44,6
DA:46,6
DA:47,6
DA:51,6
DA:57,6
DA:58,6
DA:60,6
DA:61,0
DA:62,0
DA:74,6
DA:76,6
DA:77,6
DA:92,6
DA:93,6
DA:108,0
DA:112,12
DA:113,12
DA:116,12
DA:119,1
DA:120,1
DA:121,1
DA:122,0
DA:123,0
DA:125,1
DA:142,12
DA:145,3
DA:146,3
DA:147,3
DA:148,3
DA:151,3
DA:152,3
DA:153,0
DA:154,0
DA:160,3
DA:161,3
DA:170,1
DA:180,2
DA:190,12
DA:193,2
DA:194,2
DA:195,2
DA:196,0
DA:197,0
DA:199,2
DA:200,2
DA:205,2
DA:212,2
DA:213,2
DA:214,2
DA:215,2
DA:216,2
DA:224,12
LF:68
LH:58
BRDA:17,0,0,4
BRDA:17,0,1,2
BRDA:17,1,0,6
BRDA:17,1,1,6
BRDA:36,2,0,2
BRDA:36,2,1,0
BRDA:46,3,0,6
BRDA:46,3,1,0
BRDA:47,4,0,6
BRDA:47,4,1,0
BRDA:51,5,0,6
BRDA:51,5,1,0
BRDA:51,5,2,0
BRDA:51,5,3,0
BRDA:54,6,0,0
BRDA:54,6,1,0
BRDA:57,7,0,6
BRDA:57,7,1,6
BRDA:58,8,0,6
BRDA:58,8,1,0
BRDA:58,8,2,0
BRDA:60,9,0,0
BRDA:60,9,1,6
BRDA:60,10,0,6
BRDA:60,10,1,6
BRDA:60,10,2,6
BRDA:60,10,3,6
BRDA:60,10,4,6
BRDA:121,11,0,0
BRDA:121,11,1,1
BRDA:147,12,0,3
BRDA:147,12,1,0
BRDA:148,13,0,3
BRDA:148,13,1,0
BRDA:151,14,0,3
BRDA:151,14,1,0
BRDA:151,14,2,0
BRDA:152,15,0,0
BRDA:152,15,1,3
BRDA:152,16,0,3
BRDA:152,16,1,3
BRDA:152,16,2,3
BRDA:167,17,0,3
BRDA:167,17,1,0
BRDA:195,18,0,0
BRDA:195,18,1,2
BRDA:199,19,0,2
BRDA:199,19,1,0
BRDA:200,20,0,2
BRDA:200,20,1,2
BRDA:205,21,0,0
BRDA:205,21,1,2
BRDA:207,22,0,0
BRDA:207,22,1,2
BRDA:207,23,0,2
BRDA:207,23,1,1
BRDA:209,24,0,1
BRDA:209,24,1,1
BRDA:213,25,0,0
BRDA:213,25,1,2
BRDA:213,26,0,2
BRDA:213,26,1,0
BRDA:214,27,0,2
BRDA:214,27,1,0
BRDA:214,28,0,2
BRDA:214,28,1,1
BRDA:214,28,2,2
BRF:67
BRH:42
end_of_record
TN:
SF:src/state/business-window.ts
FN:55,windowDisplayName
FN:101,businessWindows
FN:108,(anonymous_2)
FN:118,frankfurtTimeHHmm
FN:125,(anonymous_4)
FN:126,(anonymous_5)
FN:149,currentWindow
FN:179,nextWindowName
FN:185,isBusinessOpen
FN:200,validateBusinessDayUpdate
FN:213,(anonymous_10)
FNF:11
FNH:11
FNDA:48,windowDisplayName
FNDA:7,businessWindows
FNDA:28,(anonymous_2)
FNDA:25,frankfurtTimeHHmm
FNDA:25,(anonymous_4)
FNDA:75,(anonymous_5)
FNDA:23,currentWindow
FNDA:55,nextWindowName
FNDA:4,isBusinessOpen
FNDA:11,validateBusinessDayUpdate
FNDA:10,(anonymous_10)
DA:22,9
DA:24,9
DA:25,9
DA:28,9
DA:37,9
DA:40,9
DA:47,9
DA:55,9
DA:56,48
DA:62,9
DA:70,9
DA:80,9
DA:101,9
DA:102,7
DA:108,28
DA:118,9
DA:119,25
DA:125,25
DA:126,75
DA:128,25
DA:149,9
DA:150,23
DA:154,23
DA:155,6
DA:156,6
DA:157,6
DA:158,17
DA:159,4
DA:160,4
DA:161,4
DA:162,13
DA:163,10
DA:164,10
DA:165,10
DA:166,3
DA:167,2
DA:168,2
DA:169,2
DA:171,1
DA:172,1
DA:173,1
DA:175,23
DA:179,9
DA:180,55
DA:181,55
DA:185,9
DA:186,4
DA:200,9
DA:204,11
DA:205,0
DA:207,11
DA:208,11
DA:209,11
DA:210,1
DA:212,10
DA:213,10
DA:214,10
DA:215,2
DA:220,8
DA:221,8
DA:222,29
DA:223,6
DA:224,6
DA:225,2
DA:227,4
DA:230,6
DA:231,2
DA:232,2
DA:233,1
DA:235,1
DA:239,5
DA:240,5
DA:241,13
DA:242,13
DA:243,13
DA:244,2
DA:251,3
LF:77
LH:76
BRDA:118,0,0,0
BRDA:125,1,0,25
BRDA:125,1,1,0
BRDA:126,2,0,25
BRDA:126,2,1,0
BRDA:128,3,0,0
BRDA:128,3,1,25
BRDA:149,4,0,0
BRDA:154,5,0,6
BRDA:154,5,1,17
BRDA:158,6,0,4
BRDA:158,6,1,13
BRDA:162,7,0,10
BRDA:162,7,1,3
BRDA:166,8,0,2
BRDA:166,8,1,1
BRDA:185,9,0,0
BRDA:204,10,0,0
BRDA:204,10,1,11
BRDA:204,11,0,11
BRDA:204,11,1,11
BRDA:204,11,2,11
BRDA:209,12,0,1
BRDA:209,12,1,10
BRDA:214,13,0,2
BRDA:214,13,1,8
BRDA:222,14,0,6
BRDA:222,14,1,23
BRDA:224,15,0,2
BRDA:224,15,1,4
BRDA:224,16,0,6
BRDA:224,16,1,6
BRDA:230,17,0,2
BRDA:230,17,1,4
BRDA:232,18,0,1
BRDA:232,18,1,1
BRDA:232,19,0,2
BRDA:232,19,1,2
BRDA:243,20,0,2
BRDA:243,20,1,11
BRF:40
BRH:33
end_of_record
TN:
SF:src/state/dcw.ts
FN:40,toNumber
FN:46,money
FN:50,positiveAmount
FN:62,parseAmount
FN:66,availableOf
FN:69,lockedOf
FN:72,totalOf
FN:81,createDcw
FN:107,canDebit
FN:126,canRead
FN:136,withCredit
FN:142,withDebit
FN:150,withLock
FN:158,withRelease
FN:166,withSettleLocked
FNF:15
FNH:15
FNDA:247,toNumber
FNDA:74,money
FNDA:119,positiveAmount
FNDA:38,parseAmount
FNDA:99,availableOf
FNDA:29,lockedOf
FNDA:21,totalOf
FNDA:152,createDcw
FNDA:59,canDebit
FNDA:40,canRead
FNDA:38,withCredit
FNDA:34,withDebit
FNDA:5,withLock
FNDA:2,withRelease
FNDA:2,withSettleLocked
DA:38,16
DA:41,247
DA:42,247
DA:43,243
DA:47,74
DA:51,119
DA:52,115
DA:53,114
DA:62,16
DA:63,38
DA:66,16
DA:67,99
DA:69,16
DA:70,29
DA:72,16
DA:73,21
DA:81,16
DA:82,152
DA:83,152
DA:84,152
DA:107,16
DA:108,59
DA:109,58
DA:110,58
DA:111,58
DA:112,58
DA:114,58
DA:115,58
DA:116,5
DA:126,16
DA:127,40
DA:128,40
DA:130,40
DA:131,40
DA:132,10
DA:136,16
DA:137,38
DA:138,38
DA:142,16
DA:143,34
DA:144,34
DA:145,34
DA:146,25
DA:150,16
DA:151,5
DA:152,5
DA:153,5
DA:154,4
DA:158,16
DA:159,2
DA:160,2
DA:161,2
DA:162,1
DA:166,16
DA:167,2
DA:168,2
DA:169,2
DA:170,1
LF:58
LH:58
BRDA:42,0,0,4
BRDA:42,0,1,243
BRDA:52,1,0,1
BRDA:52,1,1,114
BRDA:81,2,0,0
BRDA:82,3,0,152
BRDA:82,3,1,0
BRDA:82,3,2,0
BRDA:86,4,0,152
BRDA:86,4,1,124
BRDA:88,5,0,152
BRDA:88,5,1,16
BRDA:89,6,0,152
BRDA:89,6,1,132
BRDA:90,7,0,152
BRDA:90,7,1,152
BRDA:91,8,0,152
BRDA:91,8,1,126
BRDA:92,9,0,152
BRDA:92,9,1,145
BRDA:94,10,0,152
BRDA:94,10,1,152
BRDA:107,11,0,0
BRDA:107,12,0,59
BRDA:108,13,0,1
BRDA:108,13,1,58
BRDA:109,14,0,0
BRDA:109,14,1,58
BRDA:109,15,0,58
BRDA:109,15,1,58
BRDA:110,16,0,0
BRDA:110,16,1,58
BRDA:110,17,0,58
BRDA:110,17,1,0
BRDA:111,18,0,58
BRDA:111,18,1,57
BRDA:112,19,0,58
BRDA:112,19,1,57
BRDA:114,20,0,58
BRDA:114,20,1,1
BRDA:115,21,0,53
BRDA:115,21,1,5
BRDA:115,22,0,58
BRDA:115,22,1,7
BRDA:115,22,2,6
BRDA:126,23,0,0
BRDA:127,24,0,40
BRDA:127,24,1,39
BRDA:128,25,0,40
BRDA:128,25,1,39
BRDA:130,26,0,40
BRDA:130,26,1,1
BRDA:131,27,0,30
BRDA:131,27,1,10
BRDA:131,28,0,40
BRDA:131,28,1,12
BRDA:131,28,2,11
BRDA:145,29,0,9
BRDA:145,29,1,25
BRDA:153,30,0,1
BRDA:153,30,1,4
BRDA:161,31,0,1
BRDA:161,31,1,1
BRDA:169,32,0,1
BRDA:169,32,1,1
BRF:65
BRH:57
end_of_record
TN:
SF:src/state/draft-id.ts
FN:14,resolveDraftId
FNF:1
FNH:1
FNDA:21,resolveDraftId
DA:12,8
DA:14,8
DA:19,21
DA:20,14
DA:21,14
DA:22,2
DA:31,19
LF:7
LH:7
BRDA:19,0,0,14
BRDA:19,0,1,7
BRDA:19,1,0,21
BRDA:19,1,1,16
BRDA:21,2,0,2
BRDA:21,2,1,12
BRF:6
BRH:6
end_of_record
TN:
SF:src/state/grs-entities.ts
FN:56,listGrsEntities
FN:66,getGrsEntity
FN:72,(anonymous_3)
FN:72,(anonymous_4)
FNF:4
FNH:4
FNDA:7,listGrsEntities
FNDA:43,getGrsEntity
FNDA:2184,(anonymous_3)
FNDA:1243,(anonymous_4)
DA:17,8
DA:53,8
DA:56,8
DA:57,7
DA:66,8
DA:72,2184
LF:6
LH:6
BRDA:72,0,0,43
BRDA:72,0,1,11
BRF:2
BRH:2
end_of_record
TN:
SF:src/state/issuance-wallet.ts
FNF:0
FNH:0
DA:13,7
DA:14,7
LF:2
LH:2
BRDA:13,0,0,7
BRDA:13,0,1,7
BRDA:15,1,0,7
BRDA:15,1,1,7
BRF:4
BRH:4
end_of_record
TN:
SF:src/state/memory-store.ts
FN:63,(anonymous_0)
FN:69,(anonymous_1)
FN:71,(anonymous_2)
FN:75,(anonymous_3)
FN:79,(anonymous_4)
FN:83,(anonymous_5)
FN:95,(anonymous_6)
FN:97,(anonymous_7)
FN:102,(anonymous_8)
FN:103,(anonymous_9)
FN:108,(anonymous_10)
FN:109,(anonymous_11)
FN:114,(anonymous_12)
FN:115,(anonymous_13)
FN:122,(anonymous_14)
FN:125,(anonymous_15)
FN:128,(anonymous_16)
FN:136,(anonymous_17)
FN:143,(anonymous_18)
FN:151,(anonymous_19)
FN:157,(anonymous_20)
FN:163,(anonymous_21)
FN:172,(anonymous_22)
FN:178,(anonymous_23)
FN:184,(anonymous_24)
FN:190,(anonymous_25)
FN:198,(anonymous_26)
FN:202,(anonymous_27)
FN:211,(anonymous_28)
FN:216,(anonymous_29)
FN:229,(anonymous_30)
FN:237,(anonymous_31)
FN:245,(anonymous_32)
FN:248,(anonymous_33)
FN:251,(anonymous_34)
FN:256,(anonymous_35)
FN:264,(anonymous_36)
FN:275,(anonymous_37)
FN:279,(anonymous_38)
FN:285,(anonymous_39)
FN:291,(anonymous_40)
FNF:41
FNH:38
FNDA:83,(anonymous_0)
FNDA:448,(anonymous_1)
FNDA:2,(anonymous_2)
FNDA:2,(anonymous_3)
FNDA:3,(anonymous_4)
FNDA:1,(anonymous_5)
FNDA:241,(anonymous_6)
FNDA:10,(anonymous_7)
FNDA:126,(anonymous_8)
FNDA:2,(anonymous_9)
FNDA:37,(anonymous_10)
FNDA:1,(anonymous_11)
FNDA:44,(anonymous_12)
FNDA:0,(anonymous_13)
FNDA:25,(anonymous_14)
FNDA:6,(anonymous_15)
FNDA:315,(anonymous_16)
FNDA:240,(anonymous_17)
FNDA:150,(anonymous_18)
FNDA:71,(anonymous_19)
FNDA:35,(anonymous_20)
FNDA:35,(anonymous_21)
FNDA:1,(anonymous_22)
FNDA:0,(anonymous_23)
FNDA:0,(anonymous_24)
FNDA:19,(anonymous_25)
FNDA:11,(anonymous_26)
FNDA:4,(anonymous_27)
FNDA:5,(anonymous_28)
FNDA:36,(anonymous_29)
FNDA:17,(anonymous_30)
FNDA:143,(anonymous_31)
FNDA:7,(anonymous_32)
FNDA:7,(anonymous_33)
FNDA:80,(anonymous_34)
FNDA:45,(anonymous_35)
FNDA:43,(anonymous_36)
FNDA:80,(anonymous_37)
FNDA:1,(anonymous_38)
FNDA:128,(anonymous_39)
FNDA:1,(anonymous_40)
DA:9,16
DA:10,16
DA:11,16
DA:29,16
DA:38,16
DA:39,16
DA:40,16
DA:41,16
DA:42,16
DA:44,16
DA:45,83
DA:46,83
DA:47,83
DA:49,83
DA:50,83
DA:52,83
DA:64,83
DA:65,83
DA:70,448
DA:71,13
DA:76,2
DA:77,2
DA:78,2
DA:79,3
DA:81,2
DA:82,2
DA:83,1
DA:85,2
DA:86,2
DA:87,1
DA:89,2
DA:90,2
DA:91,0
DA:97,241
DA:98,10
DA:103,126
DA:104,2
DA:109,37
DA:110,1
DA:115,44
DA:116,0
DA:123,25
DA:125,25
DA:129,315
DA:130,315
DA:132,283
DA:133,282
DA:137,240
DA:138,240
DA:144,150
DA:145,150
DA:146,149
DA:147,149
DA:148,149
DA:152,71
DA:153,71
DA:154,70
DA:158,35
DA:159,34
DA:160,34
DA:164,35
DA:165,35
DA:166,35
DA:167,32
DA:168,24
DA:169,24
DA:173,1
DA:174,1
DA:175,1
DA:179,0
DA:180,0
DA:181,0
DA:185,0
DA:186,0
DA:187,0
DA:191,19
DA:192,19
DA:193,19
DA:199,11
DA:208,4
DA:209,4
DA:210,3
DA:212,5
DA:217,36
DA:218,36
DA:230,17
DA:231,22
DA:232,22
DA:234,2
DA:238,143
DA:239,143
DA:241,124
DA:242,123
DA:246,7
DA:248,7
DA:252,80
DA:253,80
DA:257,45
DA:258,45
DA:259,45
DA:260,45
DA:265,43
DA:266,43
DA:267,43
DA:268,43
DA:269,43
DA:270,43
DA:276,80
DA:280,1
DA:286,128
DA:292,1
DA:293,1
DA:294,1
DA:295,1
DA:296,1
DA:297,1
DA:298,1
DA:299,1
DA:300,1
LF:119
LH:111
BRDA:65,0,0,81
BRDA:70,1,0,435
BRDA:70,1,1,13
BRDA:76,2,0,0
BRDA:76,2,1,2
BRDA:78,3,0,2
BRDA:78,3,1,0
BRDA:82,4,0,1
BRDA:82,4,1,1
BRDA:86,5,0,1
BRDA:86,5,1,1
BRDA:90,6,0,0
BRDA:90,6,1,2
BRDA:125,7,0,2
BRDA:125,7,1,23
BRDA:130,8,0,32
BRDA:130,8,1,283
BRDA:132,9,0,1
BRDA:132,9,1,282
BRDA:132,10,0,283
BRDA:132,10,1,7
BRDA:143,11,0,1
BRDA:145,12,0,1
BRDA:145,12,1,149
BRDA:153,13,0,1
BRDA:153,13,1,70
BRDA:163,14,0,0
BRDA:166,15,0,3
BRDA:166,15,1,32
BRDA:190,16,0,0
BRDA:192,17,0,0
BRDA:192,17,1,19
BRDA:209,18,0,1
BRDA:209,18,1,3
BRDA:209,19,0,4
BRDA:209,19,1,4
BRDA:209,19,2,4
BRDA:212,20,0,5
BRDA:212,20,1,1
BRDA:231,21,0,22
BRDA:231,21,1,0
BRDA:232,22,0,15
BRDA:232,22,1,7
BRDA:232,23,0,22
BRDA:232,23,1,19
BRDA:239,24,0,19
BRDA:239,24,1,124
BRDA:241,25,0,1
BRDA:241,25,1,123
BRDA:241,26,0,124
BRDA:241,26,1,10
BRDA:248,27,0,4
BRDA:248,27,1,3
BRDA:258,28,0,45
BRDA:258,28,1,0
BRDA:267,29,0,43
BRDA:267,29,1,17
BRF:57
BRH:49
end_of_record
TN:
SF:src/ui/inspect.ts
FN:37,parseDn
FN:47,keyDetails
FN:62,decodePrivilege
FN:65,(anonymous_13)
FN:80,inspectPem
FN:101,(anonymous_15)
FN:130,(anonymous_16)
FNF:7
FNH:0
FNDA:0,parseDn
FNDA:0,keyDetails
FNDA:0,decodePrivilege
FNDA:0,(anonymous_13)
FNDA:0,inspectPem
FNDA:0,(anonymous_15)
FNDA:0,(anonymous_16)
DA:10,9
DA:11,9
DA:14,9
DA:38,0
DA:39,0
DA:40,0
DA:41,0
DA:43,0
DA:48,0
DA:49,0
DA:54,0
DA:55,0
DA:57,0
DA:65,0
DA:66,0
DA:67,0
DA:68,0
DA:69,0
DA:70,0
DA:71,0
DA:72,0
DA:73,0
DA:75,0
DA:80,9
DA:81,0
DA:83,0
DA:84,0
DA:85,0
DA:86,0
DA:87,0
DA:88,0
DA:89,0
DA:101,0
DA:104,0
DA:108,0
DA:109,0
DA:110,0
DA:111,0
DA:112,0
DA:113,0
DA:114,0
DA:130,0
DA:133,0
DA:137,0
LF:44
LH:4
BRDA:41,0,0,0
BRDA:41,0,1,0
BRDA:66,1,0,0
BRDA:66,1,1,0
BRDA:69,2,0,0
BRDA:69,2,1,0
BRDA:72,3,0,0
BRDA:72,3,1,0
BRDA:81,4,0,0
BRDA:81,4,1,0
BRDA:83,5,0,0
BRDA:83,5,1,0
BRDA:108,6,0,0
BRDA:108,6,1,0
BRF:14
BRH:0
end_of_record
TN:
SF:src/ui/openapi.ts
FN:399,annotateSupplementaryData
FN:417,annotateSpec
FN:476,buildServedSpec
FNF:3
FNH:2
FNDA:5,annotateSupplementaryData
FNDA:5,annotateSpec
FNDA:0,buildServedSpec
DA:27,10
DA:28,10
DA:30,10
DA:33,10
DA:41,10
DA:54,10
DA:388,10
DA:400,5
DA:401,15
DA:402,15
DA:403,3
DA:417,10
DA:422,5
DA:424,5
DA:425,10
DA:426,10
DA:427,10
DA:428,10
DA:429,10
DA:430,10
DA:431,10
DA:432,9
DA:433,9
DA:436,10
DA:437,10
DA:438,10
DA:451,5
DA:452,5
DA:453,5
DA:457,5
DA:458,5
DA:460,5
DA:468,5
DA:469,5
DA:476,10
DA:477,0
DA:478,0
LF:37
LH:35
BRDA:402,0,0,3
BRDA:402,0,1,12
BRDA:402,1,0,15
BRDA:402,1,1,3
BRDA:424,2,0,5
BRDA:424,2,1,0
BRDA:426,3,0,0
BRDA:426,3,1,10
BRDA:431,4,0,9
BRDA:431,4,1,1
BRDA:432,5,0,9
BRDA:432,5,1,0
BRDA:434,6,0,9
BRDA:434,6,1,9
BRDA:436,7,0,10
BRDA:436,7,1,0
BRDA:437,8,0,10
BRDA:437,8,1,0
BRDA:437,9,0,10
BRDA:437,9,1,10
BRDA:452,10,0,5
BRDA:452,10,1,0
BRDA:454,11,0,5
BRDA:454,11,1,0
BRDA:458,12,0,5
BRDA:458,12,1,0
BRDA:461,13,0,5
BRDA:461,13,1,0
BRDA:464,14,0,5
BRDA:464,14,1,0
BRF:30
BRH:20
end_of_record
TN:
SF:src/ui/p12.ts
FN:49,pemToDer
FN:56,toForgeBytes
FN:61,toBmpBytes
FN:71,(anonymous_13)
FN:72,(anonymous_14)
FN:73,(anonymous_15)
FN:75,(anonymous_16)
FN:76,(anonymous_17)
FN:78,(anonymous_18)
FN:80,(anonymous_19)
FN:84,bagAttributes
FN:92,buildCertBag
FN:98,buildEncryptedKeyBag
FN:109,dataContentInfo
FN:115,buildMacData
FN:134,normalizePrivateKeyToPkcs8Der
FN:153,buildP12
FNF:17
FNH:17
FNDA:6,pemToDer
FNDA:6,toForgeBytes
FNDA:2,toBmpBytes
FNDA:30,(anonymous_13)
FNDA:6,(anonymous_14)
FNDA:18,(anonymous_15)
FNDA:14,(anonymous_16)
FNDA:2,(anonymous_17)
FNDA:4,(anonymous_18)
FNDA:12,(anonymous_19)
FNDA:2,bagAttributes
FNDA:2,buildCertBag
FNDA:2,buildEncryptedKeyBag
FNDA:4,dataContentInfo
FNDA:2,buildMacData
FNDA:2,normalizePrivateKeyToPkcs8Der
FNDA:2,buildP12
DA:29,10
DA:30,10
DA:31,10
DA:32,10
DA:35,10
DA:36,10
DA:37,10
DA:38,10
DA:39,10
DA:40,10
DA:41,10
DA:42,10
DA:44,10
DA:45,10
DA:46,10
DA:50,6
DA:51,6
DA:52,6
DA:57,6
DA:62,2
DA:63,2
DA:64,36
DA:65,36
DA:67,2
DA:70,10
DA:71,30
DA:72,10
DA:73,10
DA:74,18
DA:75,14
DA:76,10
DA:77,2
DA:78,10
DA:79,4
DA:80,10
DA:81,12
DA:85,2
DA:93,2
DA:94,2
DA:99,2
DA:100,2
DA:105,2
DA:110,4
DA:111,4
DA:116,2
DA:117,2
DA:118,2
DA:119,2
DA:120,2
DA:121,2
DA:125,2
DA:135,2
DA:136,2
DA:137,1
DA:139,1
DA:140,1
DA:141,1
DA:148,1
DA:150,0
DA:153,10
DA:159,2
DA:160,2
DA:161,2
DA:164,2
DA:165,2
DA:167,2
DA:168,2
DA:173,2
DA:174,2
DA:176,2
DA:182,2
LF:71
LH:70
BRDA:57,0,0,2
BRDA:57,0,1,4
BRDA:136,1,0,1
BRDA:136,1,1,1
BRDA:139,2,0,1
BRDA:139,2,1,0
BRDA:159,3,0,2
BRDA:159,3,1,0
BRF:8
BRH:6
end_of_record
TN:
SF:src/ui/router.ts
FN:62,getServedSpec
FN:66,getOpenapiYaml
FN:74,baseUrlFor
FN:102,getStaticDir
FN:130,contentTypeFor
FN:141,resolveStatic
FN:149,htmlTokens
FN:164,applyTokens
FN:166,(anonymous_9)
FN:176,hostIsPublic
FN:187,controlPanelBanner
FN:205,isPublicHost
FN:216,controlPanelTokens
FN:221,renderPage
FN:242,createUiRouter
FN:247,(anonymous_16)
FN:256,(anonymous_17)
FN:270,(anonymous_18)
FN:275,(anonymous_19)
FN:280,(anonymous_20)
FN:285,(anonymous_21)
FN:290,(anonymous_22)
FN:311,(anonymous_23)
FN:316,(anonymous_24)
FN:324,(anonymous_25)
FN:329,(anonymous_26)
FN:337,(anonymous_27)
FN:376,(anonymous_28)
FN:384,(anonymous_29)
FNF:29
FNH:4
FNDA:0,getServedSpec
FNDA:0,getOpenapiYaml
FNDA:0,baseUrlFor
FNDA:0,getStaticDir
FNDA:0,contentTypeFor
FNDA:0,resolveStatic
FNDA:0,htmlTokens
FNDA:0,applyTokens
FNDA:0,(anonymous_9)
FNDA:11,hostIsPublic
FNDA:3,controlPanelBanner
FNDA:0,isPublicHost
FNDA:0,controlPanelTokens
FNDA:0,renderPage
FNDA:14,createUiRouter
FNDA:0,(anonymous_16)
FNDA:2,(anonymous_17)
FNDA:0,(anonymous_18)
FNDA:0,(anonymous_19)
FNDA:0,(anonymous_20)
FNDA:0,(anonymous_21)
FNDA:0,(anonymous_22)
FNDA:0,(anonymous_23)
FNDA:0,(anonymous_24)
FNDA:0,(anonymous_25)
FNDA:0,(anonymous_26)
FNDA:0,(anonymous_27)
FNDA:0,(anonymous_28)
FNDA:0,(anonymous_29)
DA:26,9
DA:27,9
DA:28,9
DA:38,9
DA:39,9
DA:40,9
DA:41,9
DA:42,9
DA:43,9
DA:47,9
DA:51,9
DA:53,9
DA:54,9
DA:63,0
DA:64,0
DA:67,0
DA:68,0
DA:70,0
DA:72,9
DA:75,0
DA:76,0
DA:77,0
DA:78,0
DA:79,0
DA:81,0
DA:97,9
DA:103,0
DA:104,0
DA:105,0
DA:106,0
DA:107,0
DA:108,0
DA:115,0
DA:116,0
DA:119,9
DA:131,0
DA:132,0
DA:133,0
DA:142,0
DA:143,0
DA:144,0
DA:145,0
DA:150,0
DA:151,0
DA:154,0
DA:165,0
DA:166,0
DA:167,0
DA:176,9
DA:177,11
DA:178,10
DA:179,10
DA:180,6
DA:181,3
DA:182,3
DA:183,2
DA:187,9
DA:191,3
DA:207,0
DA:208,0
DA:210,0
DA:212,0
DA:217,0
DA:226,0
DA:227,0
DA:228,0
DA:242,9
DA:243,14
DA:245,14
DA:247,0
DA:254,14
DA:257,2
DA:258,2
DA:259,1
DA:260,1
DA:262,1
DA:263,1
DA:264,1
DA:268,14
DA:270,0
DA:273,14
DA:275,0
DA:278,14
DA:280,0
DA:283,14
DA:285,0
DA:288,14
DA:291,0
DA:292,0
DA:293,0
DA:294,0
DA:295,0
DA:297,0
DA:298,0
DA:299,0
DA:300,0
DA:301,0
DA:303,0
DA:304,0
DA:309,14
DA:311,0
DA:314,14
DA:317,0
DA:318,0
DA:322,14
DA:324,0
DA:327,14
DA:330,0
DA:331,0
DA:335,14
DA:338,0
DA:339,0
DA:340,0
DA:374,14
DA:377,0
DA:378,0
DA:382,14
DA:385,0
DA:388,0
DA:389,0
DA:390,0
DA:392,0
DA:393,0
DA:394,0
DA:395,0
DA:396,0
DA:397,0
DA:399,0
DA:400,0
DA:408,14
LF:130
LH:50
BRDA:63,0,0,0
BRDA:63,0,1,0
BRDA:67,1,0,0
BRDA:67,1,1,0
BRDA:76,2,0,0
BRDA:76,2,1,0
BRDA:103,3,0,0
BRDA:103,3,1,0
BRDA:132,4,0,0
BRDA:132,4,1,0
BRDA:133,5,0,0
BRDA:133,5,1,0
BRDA:144,6,0,0
BRDA:144,6,1,0
BRDA:144,7,0,0
BRDA:144,7,1,0
BRDA:151,8,0,0
BRDA:151,8,1,0
BRDA:151,9,0,0
BRDA:151,9,1,0
BRDA:156,10,0,0
BRDA:156,10,1,0
BRDA:164,11,0,0
BRDA:167,12,0,0
BRDA:167,12,1,0
BRDA:177,13,0,1
BRDA:177,13,1,10
BRDA:178,14,0,10
BRDA:178,14,1,2
BRDA:179,15,0,4
BRDA:179,15,1,6
BRDA:179,16,0,10
BRDA:179,16,1,8
BRDA:179,16,2,7
BRDA:179,16,3,6
BRDA:180,17,0,3
BRDA:180,17,1,3
BRDA:180,18,0,6
BRDA:180,18,1,5
BRDA:180,18,2,4
BRDA:181,19,0,3
BRDA:181,19,1,2
BRDA:182,20,0,1
BRDA:182,20,1,2
BRDA:192,21,0,2
BRDA:192,21,1,1
BRDA:195,22,0,1
BRDA:195,22,1,2
BRDA:224,23,0,0
BRDA:242,24,0,1
BRDA:258,25,0,1
BRDA:258,25,1,1
BRDA:291,26,0,0
BRDA:291,26,1,0
BRDA:293,27,0,0
BRDA:293,27,1,0
BRDA:339,28,0,0
BRDA:339,28,1,0
BRDA:342,29,0,0
BRDA:342,29,1,0
BRDA:359,30,0,0
BRDA:359,30,1,0
BRDA:378,31,0,0
BRDA:378,31,1,0
BRDA:388,32,0,0
BRDA:388,32,1,0
BRDA:388,33,0,0
BRDA:388,33,1,0
BRDA:392,34,0,0
BRDA:392,34,1,0
BRDA:394,35,0,0
BRDA:394,35,1,0
BRF:72
BRH:26
end_of_record
TN:
SF:src/workflows/direct-rtgs.ts
FN:21,(anonymous_0)
FNF:1
FNH:1
FNDA:5,(anonymous_0)
DA:3,9
DA:16,9
DA:17,16
DA:18,16
DA:19,16
DA:23,5
DA:25,4
LF:7
LH:7
BRF:0
BRH:0
end_of_record
TN:
SF:src/workflows/funding.ts
FN:23,(anonymous_0)
FN:31,(anonymous_1)
FN:48,(anonymous_2)
FNF:3
FNH:3
FNDA:33,(anonymous_0)
FNDA:13,(anonymous_1)
FNDA:4,(anonymous_2)
DA:3,10
DA:10,10
DA:11,20
DA:12,20
DA:15,20
DA:24,33
DA:25,19
DA:26,19
DA:27,1
DA:32,13
DA:41,10
DA:42,16
DA:43,16
DA:44,16
DA:46,16
DA:49,4
LF:16
LH:16
BRDA:24,0,0,14
BRDA:24,0,1,19
BRDA:26,1,0,1
BRDA:26,1,1,18
BRDA:27,2,0,1
BRDA:27,2,1,0
BRF:6
BRH:5
end_of_record
TN:
SF:src/workflows/payment.ts
FN:16,(anonymous_0)
FNF:1
FNH:1
FNDA:6,(anonymous_0)
DA:3,8
DA:12,8
DA:13,16
DA:14,16
DA:17,6
DA:18,4
LF:6
LH:6
BRF:0
BRH:0
end_of_record
TN:
SF:src/workflows/pfod.ts
FN:18,(anonymous_0)
FNF:1
FNH:1
FNDA:3,(anonymous_0)
DA:3,8
DA:13,8
DA:14,14
DA:15,14
DA:16,14
DA:19,3
DA:20,2
LF:7
LH:7
BRF:0
BRH:0
end_of_record
TN:
SF:src/workflows/transfer.ts
FN:25,(anonymous_0)
FN:62,(anonymous_1)
FN:67,(anonymous_2)
FNF:3
FNH:3
FNDA:39,(anonymous_0)
FNDA:11,(anonymous_1)
FNDA:8,(anonymous_2)
DA:1,9
DA:4,9
DA:14,9
DA:15,28
DA:16,28
DA:26,39
DA:27,26
DA:28,26
DA:29,26
DA:30,1
DA:36,25
DA:37,1
DA:43,24
DA:44,9
DA:45,9
DA:46,1
DA:52,8
DA:53,1
DA:63,11
DA:64,8
DA:68,8
LF:21
LH:21
BRDA:26,0,0,13
BRDA:26,0,1,26
BRDA:29,1,0,1
BRDA:29,1,1,25
BRDA:29,2,0,26
BRDA:29,2,1,25
BRDA:29,2,2,11
BRDA:36,3,0,1
BRDA:36,3,1,24
BRDA:36,4,0,25
BRDA:36,4,1,24
BRDA:36,4,2,10
BRDA:43,5,0,9
BRDA:43,5,1,15
BRDA:43,6,0,24
BRDA:43,6,1,23
BRDA:43,6,2,22
BRDA:45,7,0,1
BRDA:45,7,1,8
BRDA:45,8,0,9
BRDA:45,8,1,8
BRDA:52,9,0,1
BRDA:52,9,1,7
BRDA:52,10,0,8
BRDA:52,10,1,1
BRF:25
BRH:25
end_of_record
TN:
SF:src/workflows/workflow.ts
FN:41,(anonymous_0)
FN:50,(anonymous_1)
FN:55,isWorkflowRejection
FN:65,unknownWalletMessage
FN:155,(anonymous_4)
FN:160,(anonymous_5)
FN:166,(anonymous_6)
FN:173,(anonymous_7)
FN:183,(anonymous_8)
FN:226,(anonymous_9)
FN:234,(anonymous_10)
FN:246,(anonymous_11)
FN:290,(anonymous_12)
FN:300,(anonymous_13)
FN:320,(anonymous_14)
FN:334,(anonymous_15)
FN:340,(anonymous_16)
FN:346,(anonymous_17)
FN:371,(anonymous_18)
FN:390,(anonymous_19)
FN:410,(anonymous_20)
FN:419,(anonymous_21)
FN:434,(anonymous_22)
FN:454,(anonymous_23)
FNF:24
FNH:22
FNDA:43,(anonymous_0)
FNDA:12,(anonymous_1)
FNDA:20,isWorkflowRejection
FNDA:8,unknownWalletMessage
FNDA:132,(anonymous_4)
FNDA:38,(anonymous_5)
FNDA:25,(anonymous_6)
FNDA:58,(anonymous_7)
FNDA:43,(anonymous_8)
FNDA:6,(anonymous_9)
FNDA:14,(anonymous_10)
FNDA:72,(anonymous_11)
FNDA:32,(anonymous_12)
FNDA:49,(anonymous_13)
FNDA:99,(anonymous_14)
FNDA:97,(anonymous_15)
FNDA:61,(anonymous_16)
FNDA:33,(anonymous_17)
FNDA:33,(anonymous_18)
FNDA:0,(anonymous_19)
FNDA:33,(anonymous_20)
FNDA:0,(anonymous_21)
FNDA:11,(anonymous_22)
FNDA:3,(anonymous_23)
DA:30,12
DA:40,12
DA:42,43
DA:43,43
DA:44,43
DA:46,43
DA:47,43
DA:51,12
DA:55,12
DA:56,20
DA:65,12
DA:66,8
DA:123,12
DA:129,12
DA:134,132
DA:135,132
DA:136,132
DA:143,132
DA:153,132
DA:155,132
DA:167,25
DA:174,58
DA:175,58
DA:176,53
DA:177,52
DA:178,51
DA:179,51
DA:184,43
DA:190,39
DA:191,1
DA:197,38
DA:198,1
DA:204,37
DA:205,5
DA:211,32
DA:212,32
DA:213,32
DA:214,32
DA:215,26
DA:221,26
DA:222,26
DA:227,6
DA:228,6
DA:229,6
DA:230,6
DA:235,14
DA:236,14
DA:237,14
DA:238,13
DA:239,10
DA:240,7
DA:241,7
DA:247,72
DA:248,72
DA:291,32
DA:292,21
DA:293,21
DA:294,21
DA:301,49
DA:302,49
DA:303,3
DA:305,46
DA:306,1
DA:312,45
DA:321,99
DA:322,68
DA:323,68
DA:324,2
DA:335,97
DA:336,55
DA:341,61
DA:342,6
DA:347,33
DA:372,33
DA:373,33
DA:375,33
DA:376,33
DA:378,1
DA:380,32
DA:391,0
DA:392,0
DA:394,0
DA:395,0
DA:397,0
DA:399,0
DA:411,33
DA:412,33
DA:414,10
DA:420,0
DA:421,0
DA:422,0
DA:424,0
DA:425,0
DA:426,0
DA:435,11
DA:436,11
DA:437,0
DA:439,11
DA:440,2
DA:442,9
DA:443,8
DA:445,1
DA:446,0
DA:448,1
DA:449,1
DA:451,0
DA:455,3
DA:456,0
DA:458,3
LF:109
LH:93
BRDA:173,0,0,37
BRDA:183,1,0,2
BRDA:190,2,0,1
BRDA:190,2,1,38
BRDA:197,3,0,1
BRDA:197,3,1,37
BRDA:204,4,0,5
BRDA:204,4,1,32
BRDA:234,5,0,0
BRDA:253,6,0,72
BRDA:253,6,1,32
BRDA:291,7,0,11
BRDA:291,7,1,21
BRDA:302,8,0,3
BRDA:302,8,1,46
BRDA:302,9,0,49
BRDA:302,9,1,47
BRDA:305,10,0,1
BRDA:305,10,1,45
BRDA:321,11,0,31
BRDA:321,11,1,68
BRDA:323,12,0,2
BRDA:323,12,1,66
BRDA:323,13,0,68
BRDA:323,13,1,68
BRDA:335,14,0,42
BRDA:335,14,1,55
BRDA:341,15,0,6
BRDA:341,15,1,55
BRDA:341,16,0,61
BRDA:341,16,1,61
BRDA:373,17,0,0
BRDA:373,17,1,33
BRDA:392,18,0,0
BRDA:392,18,1,0
BRDA:421,19,0,0
BRDA:421,19,1,0
BRDA:422,20,0,0
BRDA:422,20,1,0
BRDA:425,21,0,0
BRDA:425,21,1,0
BRDA:435,22,0,11
BRDA:435,22,1,0
BRDA:436,23,0,0
BRDA:436,23,1,11
BRDA:439,24,0,2
BRDA:439,24,1,9
BRDA:440,25,0,2
BRDA:440,25,1,0
BRDA:442,26,0,8
BRDA:442,26,1,1
BRDA:445,27,0,0
BRDA:445,27,1,1
BRDA:448,28,0,1
BRDA:448,28,1,0
BRDA:455,29,0,0
BRDA:455,29,1,3
BRF:57
BRH:41
end_of_record
TN:
SF:src/workflows/xvp.ts
FN:43,sha256Hex
FN:68,(anonymous_1)
FN:73,(anonymous_2)
FN:123,(anonymous_3)
FN:173,(anonymous_4)
FN:243,(anonymous_5)
FNF:6
FNH:5
FNDA:32,sha256Hex
FNDA:0,(anonymous_1)
FNDA:16,(anonymous_2)
FNDA:15,(anonymous_3)
FNDA:12,(anonymous_4)
FNDA:6,(anonymous_5)
DA:1,9
DA:3,9
DA:41,9
DA:44,32
DA:63,9
DA:64,22
DA:65,22
DA:69,0
DA:74,16
DA:75,0
DA:78,16
DA:79,16
DA:80,16
DA:81,16
DA:82,16
DA:83,16
DA:84,16
DA:86,16
DA:111,16
DA:143,15
DA:144,15
DA:145,15
DA:146,15
DA:180,12
DA:181,12
DA:182,0
DA:184,12
DA:185,0
DA:187,12
DA:188,2
DA:189,2
DA:192,10
DA:193,1
DA:195,9
DA:196,1
DA:198,8
DA:199,1
DA:201,7
DA:202,1
DA:207,6
DA:210,6
DA:212,4
DA:213,2
DA:214,2
DA:215,2
DA:229,2
DA:244,6
DA:245,6
DA:246,6
DA:247,6
DA:248,6
DA:249,6
LF:52
LH:48
BRDA:41,0,0,9
BRDA:41,0,1,9
BRDA:74,1,0,0
BRDA:74,1,1,16
BRDA:74,2,0,16
BRDA:74,2,1,0
BRDA:84,3,0,16
BRDA:84,3,1,14
BRDA:144,4,0,0
BRDA:144,4,1,15
BRDA:144,5,0,15
BRDA:144,5,1,15
BRDA:145,6,0,15
BRDA:145,6,1,0
BRDA:181,7,0,0
BRDA:181,7,1,12
BRDA:184,8,0,0
BRDA:184,8,1,12
BRDA:187,9,0,2
BRDA:187,9,1,10
BRDA:187,10,0,12
BRDA:187,10,1,12
BRDA:192,11,0,1
BRDA:192,11,1,9
BRDA:192,12,0,10
BRDA:192,12,1,10
BRDA:192,12,2,10
BRDA:195,13,0,1
BRDA:195,13,1,8
BRDA:195,14,0,9
BRDA:195,14,1,9
BRDA:195,14,2,9
BRDA:198,15,0,1
BRDA:198,15,1,7
BRDA:201,16,0,1
BRDA:201,16,1,6
BRDA:218,17,0,2
BRDA:218,17,1,0
BRDA:245,18,0,0
BRDA:245,18,1,6
BRDA:246,19,0,6
BRDA:246,19,1,0
BRDA:247,20,0,0
BRDA:247,20,1,6
BRF:44
BRH:34
end_of_record
